{"meta": {"format": 3, "version": "7.11.0", "timestamp": "2025-10-30T08:46:22.389857", "branch_coverage": false, "show_contexts": false}, "files": {"admin/__init__.py": {"executed_lines": [0], "summary": {"covered_lines": 0, "num_statements": 0, "percent_covered": 100.0, "percent_covered_display": "100", "missing_lines": 0, "excluded_lines": 0}, "missing_lines": [], "excluded_lines": [], "functions": {"": {"executed_lines": [], "summary": {"covered_lines": 0, "num_statements": 0, "percent_covered": 100.0, "percent_covered_display": "100", "missing_lines": 0, "excluded_lines": 0}, "missing_lines": [], "excluded_lines": []}}, "classes": {"": {"executed_lines": [], "summary": {"covered_lines": 0, "num_statements": 0, "percent_covered": 100.0, "percent_covered_display": "100", "missing_lines": 0, "excluded_lines": 0}, "missing_lines": [], "excluded_lines": []}}}, "admin/admin.py": {"executed_lines": [1], "summary": {"covered_lines": 1, "num_statements": 1, "percent_covered": 100.0, "percent_covered_display": "100", "missing_lines": 0, "excluded_lines": 0}, "missing_lines": [], "excluded_lines": [], "functions": {"": {"executed_lines": [1], "summary": {"covered_lines": 1, "num_statements": 1, "percent_covered": 100.0, "percent_covered_display": "100", "missing_lines": 0, "excluded_lines": 0}, "missing_lines": [], "excluded_lines": []}}, "classes": {"": {"executed_lines": [1], "summary": {"covered_lines": 1, "num_statements": 1, "percent_covered": 100.0, "percent_covered_display": "100", "missing_lines": 0, "excluded_lines": 0}, "missing_lines": [], "excluded_lines": []}}}, "admin/apps.py": {"executed_lines": [1, 4, 5], "summary": {"covered_lines": 3, "num_statements": 3, "percent_covered": 100.0, "percent_covered_display": "100", "missing_lines": 0, "excluded_lines": 0}, "missing_lines": [], "excluded_lines": [], "functions": {"": {"executed_lines": [1, 4, 5], "summary": {"covered_lines": 3, "num_statements": 3, "percent_covered": 100.0, "percent_covered_display": "100", "missing_lines": 0, "excluded_lines": 0}, "missing_lines": [], "excluded_lines": []}}, "classes": {"AdminConfig": {"executed_lines": [], "summary": {"covered_lines": 0, "num_statements": 0, "percent_covered": 100.0, "percent_covered_display": "100", "missing_lines": 0, "excluded_lines": 0}, "missing_lines": [], "excluded_lines": []}, "": {"executed_lines": [1, 4, 5], "summary": {"covered_lines": 3, "num_statements": 3, "percent_covered": 100.0, "percent_covered_display": "100", "missing_lines": 0, "excluded_lines": 0}, "missing_lines": [], "excluded_lines": []}}}, "admin/models.py": {"executed_lines": [1, 2, 5, 6, 7, 8, 9, 10, 11, 12, 13, 14, 16], "summary": {"covered_lines": 13, "num_statements": 14, "percent_covered": 92.85714285714286, "percent_covered_display": "93", "missing_lines": 1, "excluded_lines": 0}, "missing_lines": [17], "excluded_lines": [], "functions": {"ErrorLog.__str__": {"executed_lines": [], "summary": {"covered_lines": 0, "num_statements": 1, "percent_covered": 0.0, "percent_covered_display": "0", "missing_lines": 1, "excluded_lines": 0}, "missing_lines": [17], "excluded_lines": []}, "": {"executed_lines": [1, 2, 5, 6, 7, 8, 9, 10, 11, 12, 13, 14, 16], "summary": {"covered_lines": 13, "num_statements": 13, "percent_covered": 100.0, "percent_covered_display": "100", "missing_lines": 0, "excluded_lines": 0}, "missing_lines": [], "excluded_lines": []}}, "classes": {"ErrorLog": {"executed_lines": [], "summary": {"covered_lines": 0, "num_statements": 1, "percent_covered": 0.0, "percent_covered_display": "0", "missing_lines": 1, "excluded_lines": 0}, "missing_lines": [17], "excluded_lines": []}, "": {"executed_lines": [1, 2, 5, 6, 7, 8, 9, 10, 11, 12, 13, 14, 16], "summary": {"covered_lines": 13, "num_statements": 13, "percent_covered": 100.0, "percent_covered_display": "100", "missing_lines": 0, "excluded_lines": 0}, "missing_lines": [], "excluded_lines": []}}}, "admin/serializers.py": {"executed_lines": [1, 3, 4, 7, 8, 9, 12, 13, 14, 15, 16, 17, 18, 19, 21], "summary": {"covered_lines": 15, "num_statements": 15, "percent_covered": 100.0, "percent_covered_display": "100", "missing_lines": 0, "excluded_lines": 0}, "missing_lines": [], "excluded_lines": [], "functions": {"": {"executed_lines": [1, 3, 4, 7, 8, 9, 12, 13, 14, 15, 16, 17, 18, 19, 21], "summary": {"covered_lines": 15, "num_statements": 15, "percent_covered": 100.0, "percent_covered_display": "100", "missing_lines": 0, "excluded_lines": 0}, "missing_lines": [], "excluded_lines": []}}, "classes": {"InitSerializer": {"executed_lines": [], "summary": {"covered_lines": 0, "num_statements": 0, "percent_covered": 100.0, "percent_covered_display": "100", "missing_lines": 0, "excluded_lines": 0}, "missing_lines": [], "excluded_lines": []}, "ErrorLogSerializer": {"executed_lines": [], "summary": {"covered_lines": 0, "num_statements": 0, "percent_covered": 100.0, "percent_covered_display": "100", "missing_lines": 0, "excluded_lines": 0}, "missing_lines": [], "excluded_lines": []}, "": {"executed_lines": [1, 3, 4, 7, 8, 9, 12, 13, 14, 15, 16, 17, 18, 19, 21], "summary": {"covered_lines": 15, "num_statements": 15, "percent_covered": 100.0, "percent_covered_display": "100", "missing_lines": 0, "excluded_lines": 0}, "missing_lines": [], "excluded_lines": []}}}, "admin/tests.py": {"executed_lines": [], "summary": {"covered_lines": 0, "num_statements": 1, "percent_covered": 0.0, "percent_covered_display": "0", "missing_lines": 1, "excluded_lines": 0}, "missing_lines": [1], "excluded_lines": [], "functions": {"": {"executed_lines": [], "summary": {"covered_lines": 0, "num_statements": 1, "percent_covered": 0.0, "percent_covered_display": "0", "missing_lines": 1, "excluded_lines": 0}, "missing_lines": [1], "excluded_lines": []}}, "classes": {"": {"executed_lines": [], "summary": {"covered_lines": 0, "num_statements": 1, "percent_covered": 0.0, "percent_covered_display": "0", "missing_lines": 1, "excluded_lines": 0}, "missing_lines": [1], "excluded_lines": []}}}, "admin/urls.py": {"executed_lines": [1, 2, 4], "summary": {"covered_lines": 3, "num_statements": 3, "percent_covered": 100.0, "percent_covered_display": "100", "missing_lines": 0, "excluded_lines": 0}, "missing_lines": [], "excluded_lines": [], "functions": {"": {"executed_lines": [1, 2, 4], "summary": {"covered_lines": 3, "num_statements": 3, "percent_covered": 100.0, "percent_covered_display": "100", "missing_lines": 0, "excluded_lines": 0}, "missing_lines": [], "excluded_lines": []}}, "classes": {"": {"executed_lines": [1, 2, 4], "summary": {"covered_lines": 3, "num_statements": 3, "percent_covered": 100.0, "percent_covered_display": "100", "missing_lines": 0, "excluded_lines": 0}, "missing_lines": [], "excluded_lines": []}}}, "admin/views.py": {"executed_lines": [1, 2, 3, 4, 5, 7, 8, 9, 10, 15, 16, 17, 18, 20, 21, 24, 25, 29, 30, 31, 33, 34, 35, 36, 37, 46, 49, 50, 51, 57, 59, 60, 61, 62, 63, 73, 81, 82, 86, 87, 88, 90, 91, 92, 97, 98, 108, 109, 110, 119, 120, 121, 122, 123, 131, 132, 135, 153, 154, 158, 159, 160, 162, 163, 164, 165, 166, 167, 184, 185, 186, 187, 225], "summary": {"covered_lines": 70, "num_statements": 112, "percent_covered": 62.5, "percent_covered_display": "62", "missing_lines": 42, "excluded_lines": 0}, "missing_lines": [38, 40, 41, 44, 64, 65, 99, 100, 111, 124, 125, 126, 127, 128, 129, 133, 136, 137, 145, 168, 169, 177, 195, 196, 197, 198, 199, 200, 201, 202, 204, 208, 209, 210, 218, 226, 227, 228, 229, 231, 237, 238], "excluded_lines": [], "functions": {"ErrorLogView.get_errors": {"executed_lines": [34, 35, 36, 37, 46, 49, 50, 51, 57], "summary": {"covered_lines": 9, "num_statements": 13, "percent_covered": 69.23076923076923, "percent_covered_display": "69", "missing_lines": 4, "excluded_lines": 0}, "missing_lines": [38, 40, 41, 44], "excluded_lines": []}, "ErrorLogView.get": {"executed_lines": [60, 61, 62, 63, 73], "summary": {"covered_lines": 5, "num_statements": 7, "percent_covered": 71.42857142857143, "percent_covered_display": "71", "missing_lines": 2, "excluded_lines": 0}, "missing_lines": [64, 65], "excluded_lines": []}, "ScoutAuthGroupsView.get": {"executed_lines": [91, 92, 97, 98], "summary": {"covered_lines": 4, "num_statements": 6, "percent_covered": 66.66666666666667, "percent_covered_display": "67", "missing_lines": 2, "excluded_lines": 0}, "missing_lines": [99, 100], "excluded_lines": []}, "ScoutAuthGroupsView.post": {"executed_lines": [109, 110, 119, 120, 121, 122, 123, 131, 132, 135], "summary": {"covered_lines": 10, "num_statements": 21, "percent_covered": 47.61904761904762, "percent_covered_display": "48", "missing_lines": 11, "excluded_lines": 0}, "missing_lines": [111, 124, 125, 126, 127, 128, 129, 133, 136, 137, 145], "excluded_lines": []}, "PhoneTypeView.get": {"executed_lines": [163, 164, 165, 166, 167], "summary": {"covered_lines": 5, "num_statements": 8, "percent_covered": 62.5, "percent_covered_display": "62", "missing_lines": 3, "excluded_lines": 0}, "missing_lines": [168, 169, 177], "excluded_lines": []}, "PhoneTypeView.post": {"executed_lines": [185, 186, 187], "summary": {"covered_lines": 3, "num_statements": 16, "percent_covered": 18.75, "percent_covered_display": "19", "missing_lines": 13, "excluded_lines": 0}, "missing_lines": [195, 196, 197, 198, 199, 200, 201, 202, 204, 208, 209, 210, 218], "excluded_lines": []}, "PhoneTypeView.delete": {"executed_lines": [], "summary": {"covered_lines": 0, "num_statements": 7, "percent_covered": 0.0, "percent_covered_display": "0", "missing_lines": 7, "excluded_lines": 0}, "missing_lines": [226, 227, 228, 229, 231, 237, 238], "excluded_lines": []}, "": {"executed_lines": [1, 2, 3, 4, 5, 7, 8, 9, 10, 15, 16, 17, 18, 20, 21, 24, 25, 29, 30, 31, 33, 59, 81, 82, 86, 87, 88, 90, 108, 153, 154, 158, 159, 160, 162, 184, 225], "summary": {"covered_lines": 34, "num_statements": 34, "percent_covered": 100.0, "percent_covered_display": "100", "missing_lines": 0, "excluded_lines": 0}, "missing_lines": [], "excluded_lines": []}}, "classes": {"ErrorLogView": {"executed_lines": [34, 35, 36, 37, 46, 49, 50, 51, 57, 60, 61, 62, 63, 73], "summary": {"covered_lines": 14, "num_statements": 20, "percent_covered": 70.0, "percent_covered_display": "70", "missing_lines": 6, "excluded_lines": 0}, "missing_lines": [38, 40, 41, 44, 64, 65], "excluded_lines": []}, "ScoutAuthGroupsView": {"executed_lines": [91, 92, 97, 98, 109, 110, 119, 120, 121, 122, 123, 131, 132, 135], "summary": {"covered_lines": 14, "num_statements": 27, "percent_covered": 51.851851851851855, "percent_covered_display": "52", "missing_lines": 13, "excluded_lines": 0}, "missing_lines": [99, 100, 111, 124, 125, 126, 127, 128, 129, 133, 136, 137, 145], "excluded_lines": []}, "PhoneTypeView": {"executed_lines": [163, 164, 165, 166, 167, 185, 186, 187], "summary": {"covered_lines": 8, "num_statements": 31, "percent_covered": 25.806451612903224, "percent_covered_display": "26", "missing_lines": 23, "excluded_lines": 0}, "missing_lines": [168, 169, 177, 195, 196, 197, 198, 199, 200, 201, 202, 204, 208, 209, 210, 218, 226, 227, 228, 229, 231, 237, 238], "excluded_lines": []}, "": {"executed_lines": [1, 2, 3, 4, 5, 7, 8, 9, 10, 15, 16, 17, 18, 20, 21, 24, 25, 29, 30, 31, 33, 59, 81, 82, 86, 87, 88, 90, 108, 153, 154, 158, 159, 160, 162, 184, 225], "summary": {"covered_lines": 34, "num_statements": 34, "percent_covered": 100.0, "percent_covered_display": "100", "missing_lines": 0, "excluded_lines": 0}, "missing_lines": [], "excluded_lines": []}}}, "alerts/admin.py": {"executed_lines": [1], "summary": {"covered_lines": 1, "num_statements": 1, "percent_covered": 100.0, "percent_covered_display": "100", "missing_lines": 0, "excluded_lines": 0}, "missing_lines": [], "excluded_lines": [], "functions": {"": {"executed_lines": [1], "summary": {"covered_lines": 1, "num_statements": 1, "percent_covered": 100.0, "percent_covered_display": "100", "missing_lines": 0, "excluded_lines": 0}, "missing_lines": [], "excluded_lines": []}}, "classes": {"": {"executed_lines": [1], "summary": {"covered_lines": 1, "num_statements": 1, "percent_covered": 100.0, "percent_covered_display": "100", "missing_lines": 0, "excluded_lines": 0}, "missing_lines": [], "excluded_lines": []}}}, "alerts/apps.py": {"executed_lines": [1, 4, 5, 6], "summary": {"covered_lines": 4, "num_statements": 4, "percent_covered": 100.0, "percent_covered_display": "100", "missing_lines": 0, "excluded_lines": 0}, "missing_lines": [], "excluded_lines": [], "functions": {"": {"executed_lines": [1, 4, 5, 6], "summary": {"covered_lines": 4, "num_statements": 4, "percent_covered": 100.0, "percent_covered_display": "100", "missing_lines": 0, "excluded_lines": 0}, "missing_lines": [], "excluded_lines": []}}, "classes": {"AlertsConfig": {"executed_lines": [], "summary": {"covered_lines": 0, "num_statements": 0, "percent_covered": 100.0, "percent_covered_display": "100", "missing_lines": 0, "excluded_lines": 0}, "missing_lines": [], "excluded_lines": []}, "": {"executed_lines": [1, 4, 5, 6], "summary": {"covered_lines": 4, "num_statements": 4, "percent_covered": 100.0, "percent_covered_display": "100", "missing_lines": 0, "excluded_lines": 0}, "missing_lines": [], "excluded_lines": []}}}, "alerts/models.py": {"executed_lines": [8, 9, 11, 14, 15, 16, 17, 19, 23, 24, 25, 26, 27, 28, 29, 31, 35, 36, 37, 38, 39, 40, 41, 42, 43, 45, 49, 50, 51, 52, 53, 54, 55, 56, 58, 62, 63, 64, 65, 66, 67, 69], "summary": {"covered_lines": 42, "num_statements": 47, "percent_covered": 89.36170212765957, "percent_covered_display": "89", "missing_lines": 5, "excluded_lines": 0}, "missing_lines": [20, 32, 46, 59, 70], "excluded_lines": [], "functions": {"CommunicationChannelType.__str__": {"executed_lines": [], "summary": {"covered_lines": 0, "num_statements": 1, "percent_covered": 0.0, "percent_covered_display": "0", "missing_lines": 1, "excluded_lines": 0}, "missing_lines": [20], "excluded_lines": []}, "AlertType.__str__": {"executed_lines": [], "summary": {"covered_lines": 0, "num_statements": 1, "percent_covered": 0.0, "percent_covered_display": "0", "missing_lines": 1, "excluded_lines": 0}, "missing_lines": [32], "excluded_lines": []}, "Alert.__str__": {"executed_lines": [], "summary": {"covered_lines": 0, "num_statements": 1, "percent_covered": 0.0, "percent_covered_display": "0", "missing_lines": 1, "excluded_lines": 0}, "missing_lines": [46], "excluded_lines": []}, "ChannelSend.__str__": {"executed_lines": [], "summary": {"covered_lines": 0, "num_statements": 1, "percent_covered": 0.0, "percent_covered_display": "0", "missing_lines": 1, "excluded_lines": 0}, "missing_lines": [59], "excluded_lines": []}, "AlertedResource.__str__": {"executed_lines": [], "summary": {"covered_lines": 0, "num_statements": 1, "percent_covered": 0.0, "percent_covered_display": "0", "missing_lines": 1, "excluded_lines": 0}, "missing_lines": [70], "excluded_lines": []}, "": {"executed_lines": [8, 9, 11, 14, 15, 16, 17, 19, 23, 24, 25, 26, 27, 28, 29, 31, 35, 36, 37, 38, 39, 40, 41, 42, 43, 45, 49, 50, 51, 52, 53, 54, 55, 56, 58, 62, 63, 64, 65, 66, 67, 69], "summary": {"covered_lines": 42, "num_statements": 42, "percent_covered": 100.0, "percent_covered_display": "100", "missing_lines": 0, "excluded_lines": 0}, "missing_lines": [], "excluded_lines": []}}, "classes": {"CommunicationChannelType": {"executed_lines": [], "summary": {"covered_lines": 0, "num_statements": 1, "percent_covered": 0.0, "percent_covered_display": "0", "missing_lines": 1, "excluded_lines": 0}, "missing_lines": [20], "excluded_lines": []}, "AlertType": {"executed_lines": [], "summary": {"covered_lines": 0, "num_statements": 1, "percent_covered": 0.0, "percent_covered_display": "0", "missing_lines": 1, "excluded_lines": 0}, "missing_lines": [32], "excluded_lines": []}, "Alert": {"executed_lines": [], "summary": {"covered_lines": 0, "num_statements": 1, "percent_covered": 0.0, "percent_covered_display": "0", "missing_lines": 1, "excluded_lines": 0}, "missing_lines": [46], "excluded_lines": []}, "ChannelSend": {"executed_lines": [], "summary": {"covered_lines": 0, "num_statements": 1, "percent_covered": 0.0, "percent_covered_display": "0", "missing_lines": 1, "excluded_lines": 0}, "missing_lines": [59], "excluded_lines": []}, "AlertedResource": {"executed_lines": [], "summary": {"covered_lines": 0, "num_statements": 1, "percent_covered": 0.0, "percent_covered_display": "0", "missing_lines": 1, "excluded_lines": 0}, "missing_lines": [70], "excluded_lines": []}, "": {"executed_lines": [8, 9, 11, 14, 15, 16, 17, 19, 23, 24, 25, 26, 27, 28, 29, 31, 35, 36, 37, 38, 39, 40, 41, 42, 43, 45, 49, 50, 51, 52, 53, 54, 55, 56, 58, 62, 63, 64, 65, 66, 67, 69], "summary": {"covered_lines": 42, "num_statements": 42, "percent_covered": 100.0, "percent_covered_display": "100", "missing_lines": 0, "excluded_lines": 0}, "missing_lines": [], "excluded_lines": []}}}, "alerts/tests.py": {"executed_lines": [1], "summary": {"covered_lines": 1, "num_statements": 1, "percent_covered": 100.0, "percent_covered_display": "100", "missing_lines": 0, "excluded_lines": 0}, "missing_lines": [], "excluded_lines": [], "functions": {"": {"executed_lines": [1], "summary": {"covered_lines": 1, "num_statements": 1, "percent_covered": 100.0, "percent_covered_display": "100", "missing_lines": 0, "excluded_lines": 0}, "missing_lines": [], "excluded_lines": []}}, "classes": {"": {"executed_lines": [1], "summary": {"covered_lines": 1, "num_statements": 1, "percent_covered": 100.0, "percent_covered_display": "100", "missing_lines": 0, "excluded_lines": 0}, "missing_lines": [], "excluded_lines": []}}}, "alerts/urls.py": {"executed_lines": [1, 3, 5], "summary": {"covered_lines": 3, "num_statements": 3, "percent_covered": 100.0, "percent_covered_display": "100", "missing_lines": 0, "excluded_lines": 0}, "missing_lines": [], "excluded_lines": [], "functions": {"": {"executed_lines": [1, 3, 5], "summary": {"covered_lines": 3, "num_statements": 3, "percent_covered": 100.0, "percent_covered_display": "100", "missing_lines": 0, "excluded_lines": 0}, "missing_lines": [], "excluded_lines": []}}, "classes": {"": {"executed_lines": [1, 3, 5], "summary": {"covered_lines": 3, "num_statements": 3, "percent_covered": 100.0, "percent_covered_display": "100", "missing_lines": 0, "excluded_lines": 0}, "missing_lines": [], "excluded_lines": []}}}, "alerts/util.py": {"executed_lines": [1, 3, 4, 6, 7, 8, 9, 10, 13, 31, 42, 132, 156, 168, 195], "summary": {"covered_lines": 15, "num_statements": 83, "percent_covered": 18.072289156626507, "percent_covered_display": "18", "missing_lines": 68, "excluded_lines": 0}, "missing_lines": [20, 27, 28, 32, 38, 39, 43, 46, 52, 53, 54, 55, 56, 57, 58, 67, 68, 70, 71, 72, 78, 79, 83, 89, 91, 92, 93, 94, 101, 102, 104, 105, 106, 108, 109, 110, 111, 118, 119, 120, 121, 122, 123, 124, 125, 126, 127, 129, 133, 141, 142, 143, 153, 157, 164, 165, 177, 178, 179, 180, 181, 182, 184, 188, 189, 190, 192, 196], "excluded_lines": [], "functions": {"create_alert": {"executed_lines": [], "summary": {"covered_lines": 0, "num_statements": 3, "percent_covered": 0.0, "percent_covered_display": "0", "missing_lines": 3, "excluded_lines": 0}, "missing_lines": [20, 27, 28], "excluded_lines": []}, "create_channel_send_for_comm_typ": {"executed_lines": [], "summary": {"covered_lines": 0, "num_statements": 3, "percent_covered": 0.0, "percent_covered_display": "0", "missing_lines": 3, "excluded_lines": 0}, "missing_lines": [32, 38, 39], "excluded_lines": []}, "send_alerts": {"executed_lines": [], "summary": {"covered_lines": 0, "num_statements": 42, "percent_covered": 0.0, "percent_covered_display": "0", "missing_lines": 42, "excluded_lines": 0}, "missing_lines": [43, 46, 52, 53, 54, 55, 56, 57, 58, 67, 68, 70, 71, 72, 78, 79, 83, 89, 91, 92, 93, 94, 101, 102, 104, 105, 106, 108, 109, 110, 111, 118, 119, 120, 121, 122, 123, 124, 125, 126, 127, 129], "excluded_lines": []}, "get_user_alerts": {"executed_lines": [], "summary": {"covered_lines": 0, "num_statements": 5, "percent_covered": 0.0, "percent_covered_display": "0", "missing_lines": 5, "excluded_lines": 0}, "missing_lines": [133, 141, 142, 143, 153], "excluded_lines": []}, "dismiss_alert": {"executed_lines": [], "summary": {"covered_lines": 0, "num_statements": 3, "percent_covered": 0.0, "percent_covered_display": "0", "missing_lines": 3, "excluded_lines": 0}, "missing_lines": [157, 164, 165], "excluded_lines": []}, "send_alerts_to_role": {"executed_lines": [], "summary": {"covered_lines": 0, "num_statements": 11, "percent_covered": 0.0, "percent_covered_display": "0", "missing_lines": 11, "excluded_lines": 0}, "missing_lines": [177, 178, 179, 180, 181, 182, 184, 188, 189, 190, 192], "excluded_lines": []}, "get_alert_type": {"executed_lines": [], "summary": {"covered_lines": 0, "num_statements": 1, "percent_covered": 0.0, "percent_covered_display": "0", "missing_lines": 1, "excluded_lines": 0}, "missing_lines": [196], "excluded_lines": []}, "": {"executed_lines": [1, 3, 4, 6, 7, 8, 9, 10, 13, 31, 42, 132, 156, 168, 195], "summary": {"covered_lines": 15, "num_statements": 15, "percent_covered": 100.0, "percent_covered_display": "100", "missing_lines": 0, "excluded_lines": 0}, "missing_lines": [], "excluded_lines": []}}, "classes": {"": {"executed_lines": [1, 3, 4, 6, 7, 8, 9, 10, 13, 31, 42, 132, 156, 168, 195], "summary": {"covered_lines": 15, "num_statements": 83, "percent_covered": 18.072289156626507, "percent_covered_display": "18", "missing_lines": 68, "excluded_lines": 0}, "missing_lines": [20, 27, 28, 32, 38, 39, 43, 46, 52, 53, 54, 55, 56, 57, 58, 67, 68, 70, 71, 72, 78, 79, 83, 89, 91, 92, 93, 94, 101, 102, 104, 105, 106, 108, 109, 110, 111, 118, 119, 120, 121, 122, 123, 124, 125, 126, 127, 129, 133, 141, 142, 143, 153, 157, 164, 165, 177, 178, 179, 180, 181, 182, 184, 188, 189, 190, 192, 196], "excluded_lines": []}}}, "alerts/util_alert_definitions.py": {"executed_lines": [1, 2, 3, 4, 5, 6, 8, 9, 10, 16, 17, 18, 19, 20, 21, 23, 26, 47, 79, 110, 232, 294, 320, 339, 348, 436], "summary": {"covered_lines": 26, "num_statements": 189, "percent_covered": 13.756613756613756, "percent_covered_display": "14", "missing_lines": 163, "excluded_lines": 0}, "missing_lines": [27, 28, 29, 30, 31, 32, 33, 34, 35, 36, 37, 38, 39, 40, 41, 42, 43, 44, 48, 50, 52, 54, 59, 60, 62, 63, 65, 73, 74, 76, 80, 82, 83, 85, 89, 90, 91, 92, 101, 102, 104, 105, 107, 111, 112, 113, 115, 125, 135, 145, 146, 147, 149, 226, 227, 229, 233, 234, 235, 236, 237, 238, 239, 240, 242, 243, 244, 245, 246, 247, 248, 249, 250, 251, 252, 253, 255, 256, 258, 260, 261, 262, 263, 265, 266, 267, 269, 270, 271, 273, 274, 275, 277, 278, 279, 281, 282, 283, 285, 286, 287, 289, 291, 295, 296, 297, 298, 309, 310, 311, 312, 314, 315, 317, 321, 322, 323, 324, 325, 326, 328, 330, 331, 332, 334, 340, 341, 342, 343, 345, 349, 351, 353, 357, 358, 369, 370, 374, 375, 377, 378, 380, 437, 439, 442, 444, 445, 447, 453, 457, 458, 463, 465, 466, 468, 469, 471, 486, 488, 489, 491, 492, 494], "excluded_lines": [], "functions": {"stage_alerts": {"executed_lines": [], "summary": {"covered_lines": 0, "num_statements": 18, "percent_covered": 0.0, "percent_covered_display": "0", "missing_lines": 18, "excluded_lines": 0}, "missing_lines": [27, 28, 29, 30, 31, 32, 33, 34, 35, 36, 37, 38, 39, 40, 41, 42, 43, 44], "excluded_lines": []}, "stage_error_alerts": {"executed_lines": [], "summary": {"covered_lines": 0, "num_statements": 12, "percent_covered": 0.0, "percent_covered_display": "0", "missing_lines": 12, "excluded_lines": 0}, "missing_lines": [48, 50, 52, 54, 59, 60, 62, 63, 65, 73, 74, 76], "excluded_lines": []}, "stage_form_alerts": {"executed_lines": [], "summary": {"covered_lines": 0, "num_statements": 13, "percent_covered": 0.0, "percent_covered_display": "0", "missing_lines": 13, "excluded_lines": 0}, "missing_lines": [80, 82, 83, 85, 89, 90, 91, 92, 101, 102, 104, 105, 107], "excluded_lines": []}, "stage_all_field_schedule_alerts": {"executed_lines": [], "summary": {"covered_lines": 0, "num_statements": 13, "percent_covered": 0.0, "percent_covered_display": "0", "missing_lines": 13, "excluded_lines": 0}, "missing_lines": [111, 112, 113, 115, 125, 135, 145, 146, 147, 149, 226, 227, 229], "excluded_lines": []}, "stage_field_schedule_alerts": {"executed_lines": [], "summary": {"covered_lines": 0, "num_statements": 47, "percent_covered": 0.0, "percent_covered_display": "0", "missing_lines": 47, "excluded_lines": 0}, "missing_lines": [233, 234, 235, 236, 237, 238, 239, 240, 242, 243, 244, 245, 246, 247, 248, 249, 250, 251, 252, 253, 255, 256, 258, 260, 261, 262, 263, 265, 266, 267, 269, 270, 271, 273, 274, 275, 277, 278, 279, 281, 282, 283, 285, 286, 287, 289, 291], "excluded_lines": []}, "stage_schedule_alerts": {"executed_lines": [], "summary": {"covered_lines": 0, "num_statements": 11, "percent_covered": 0.0, "percent_covered_display": "0", "missing_lines": 11, "excluded_lines": 0}, "missing_lines": [295, 296, 297, 298, 309, 310, 311, 312, 314, 315, 317], "excluded_lines": []}, "stage_schedule_alert": {"executed_lines": [], "summary": {"covered_lines": 0, "num_statements": 11, "percent_covered": 0.0, "percent_covered_display": "0", "missing_lines": 11, "excluded_lines": 0}, "missing_lines": [321, 322, 323, 324, 325, 326, 328, 330, 331, 332, 334], "excluded_lines": []}, "stage_scout_admin_alerts": {"executed_lines": [], "summary": {"covered_lines": 0, "num_statements": 5, "percent_covered": 0.0, "percent_covered_display": "0", "missing_lines": 5, "excluded_lines": 0}, "missing_lines": [340, 341, 342, 343, 345], "excluded_lines": []}, "stage_match_strategy_added_alerts": {"executed_lines": [], "summary": {"covered_lines": 0, "num_statements": 12, "percent_covered": 0.0, "percent_covered_display": "0", "missing_lines": 12, "excluded_lines": 0}, "missing_lines": [349, 351, 353, 357, 358, 369, 370, 374, 375, 377, 378, 380], "excluded_lines": []}, "stage_meeting_alert": {"executed_lines": [], "summary": {"covered_lines": 0, "num_statements": 21, "percent_covered": 0.0, "percent_covered_display": "0", "missing_lines": 21, "excluded_lines": 0}, "missing_lines": [437, 439, 442, 444, 445, 447, 453, 457, 458, 463, 465, 466, 468, 469, 471, 486, 488, 489, 491, 492, 494], "excluded_lines": []}, "": {"executed_lines": [1, 2, 3, 4, 5, 6, 8, 9, 10, 16, 17, 18, 19, 20, 21, 23, 26, 47, 79, 110, 232, 294, 320, 339, 348, 436], "summary": {"covered_lines": 26, "num_statements": 26, "percent_covered": 100.0, "percent_covered_display": "100", "missing_lines": 0, "excluded_lines": 0}, "missing_lines": [], "excluded_lines": []}}, "classes": {"": {"executed_lines": [1, 2, 3, 4, 5, 6, 8, 9, 10, 16, 17, 18, 19, 20, 21, 23, 26, 47, 79, 110, 232, 294, 320, 339, 348, 436], "summary": {"covered_lines": 26, "num_statements": 189, "percent_covered": 13.756613756613756, "percent_covered_display": "14", "missing_lines": 163, "excluded_lines": 0}, "missing_lines": [27, 28, 29, 30, 31, 32, 33, 34, 35, 36, 37, 38, 39, 40, 41, 42, 43, 44, 48, 50, 52, 54, 59, 60, 62, 63, 65, 73, 74, 76, 80, 82, 83, 85, 89, 90, 91, 92, 101, 102, 104, 105, 107, 111, 112, 113, 115, 125, 135, 145, 146, 147, 149, 226, 227, 229, 233, 234, 235, 236, 237, 238, 239, 240, 242, 243, 244, 245, 246, 247, 248, 249, 250, 251, 252, 253, 255, 256, 258, 260, 261, 262, 263, 265, 266, 267, 269, 270, 271, 273, 274, 275, 277, 278, 279, 281, 282, 283, 285, 286, 287, 289, 291, 295, 296, 297, 298, 309, 310, 311, 312, 314, 315, 317, 321, 322, 323, 324, 325, 326, 328, 330, 331, 332, 334, 340, 341, 342, 343, 345, 349, 351, 353, 357, 358, 369, 370, 374, 375, 377, 378, 380, 437, 439, 442, 444, 445, 447, 453, 457, 458, 463, 465, 466, 468, 469, 471, 486, 488, 489, 491, 492, 494], "excluded_lines": []}}}, "alerts/views.py": {"executed_lines": [1, 2, 3, 5, 6, 10, 12, 15, 16, 18, 20, 36, 37, 39, 41, 56, 57, 59, 61, 79, 80, 82, 83, 85, 87, 102, 103, 104, 105], "summary": {"covered_lines": 25, "num_statements": 51, "percent_covered": 49.01960784313726, "percent_covered_display": "49", "missing_lines": 26, "excluded_lines": 0}, "missing_lines": [22, 23, 24, 25, 26, 27, 42, 43, 44, 45, 46, 47, 62, 63, 64, 65, 66, 67, 68, 69, 70, 88, 89, 90, 91, 92], "excluded_lines": [], "functions": {"StageAlertsView.get": {"executed_lines": [], "summary": {"covered_lines": 0, "num_statements": 6, "percent_covered": 0.0, "percent_covered_display": "0", "missing_lines": 6, "excluded_lines": 0}, "missing_lines": [22, 23, 24, 25, 26, 27], "excluded_lines": []}, "SendAlertsView.get": {"executed_lines": [], "summary": {"covered_lines": 0, "num_statements": 6, "percent_covered": 0.0, "percent_covered_display": "0", "missing_lines": 6, "excluded_lines": 0}, "missing_lines": [42, 43, 44, 45, 46, 47], "excluded_lines": []}, "RunAlertsView.get": {"executed_lines": [], "summary": {"covered_lines": 0, "num_statements": 9, "percent_covered": 0.0, "percent_covered_display": "0", "missing_lines": 9, "excluded_lines": 0}, "missing_lines": [62, 63, 64, 65, 66, 67, 68, 69, 70], "excluded_lines": []}, "DismissAlertView.get": {"executed_lines": [], "summary": {"covered_lines": 0, "num_statements": 5, "percent_covered": 0.0, "percent_covered_display": "0", "missing_lines": 5, "excluded_lines": 0}, "missing_lines": [88, 89, 90, 91, 92], "excluded_lines": []}, "": {"executed_lines": [1, 2, 3, 5, 6, 10, 12, 15, 16, 18, 20, 36, 37, 39, 41, 56, 57, 59, 61, 79, 80, 82, 83, 85, 87, 102, 103, 104, 105], "summary": {"covered_lines": 25, "num_statements": 25, "percent_covered": 100.0, "percent_covered_display": "100", "missing_lines": 0, "excluded_lines": 0}, "missing_lines": [], "excluded_lines": []}}, "classes": {"StageAlertsView": {"executed_lines": [], "summary": {"covered_lines": 0, "num_statements": 6, "percent_covered": 0.0, "percent_covered_display": "0", "missing_lines": 6, "excluded_lines": 0}, "missing_lines": [22, 23, 24, 25, 26, 27], "excluded_lines": []}, "SendAlertsView": {"executed_lines": [], "summary": {"covered_lines": 0, "num_statements": 6, "percent_covered": 0.0, "percent_covered_display": "0", "missing_lines": 6, "excluded_lines": 0}, "missing_lines": [42, 43, 44, 45, 46, 47], "excluded_lines": []}, "RunAlertsView": {"executed_lines": [], "summary": {"covered_lines": 0, "num_statements": 9, "percent_covered": 0.0, "percent_covered_display": "0", "missing_lines": 9, "excluded_lines": 0}, "missing_lines": [62, 63, 64, 65, 66, 67, 68, 69, 70], "excluded_lines": []}, "DismissAlertView": {"executed_lines": [], "summary": {"covered_lines": 0, "num_statements": 5, "percent_covered": 0.0, "percent_covered_display": "0", "missing_lines": 5, "excluded_lines": 0}, "missing_lines": [88, 89, 90, 91, 92], "excluded_lines": []}, "": {"executed_lines": [1, 2, 3, 5, 6, 10, 12, 15, 16, 18, 20, 36, 37, 39, 41, 56, 57, 59, 61, 79, 80, 82, 83, 85, 87, 102, 103, 104, 105], "summary": {"covered_lines": 25, "num_statements": 25, "percent_covered": 100.0, "percent_covered_display": "100", "missing_lines": 0, "excluded_lines": 0}, "missing_lines": [], "excluded_lines": []}}}, "api/__init__.py": {"executed_lines": [0], "summary": {"covered_lines": 0, "num_statements": 0, "percent_covered": 100.0, "percent_covered_display": "100", "missing_lines": 0, "excluded_lines": 0}, "missing_lines": [], "excluded_lines": [], "functions": {"": {"executed_lines": [], "summary": {"covered_lines": 0, "num_statements": 0, "percent_covered": 100.0, "percent_covered_display": "100", "missing_lines": 0, "excluded_lines": 0}, "missing_lines": [], "excluded_lines": []}}, "classes": {"": {"executed_lines": [], "summary": {"covered_lines": 0, "num_statements": 0, "percent_covered": 100.0, "percent_covered_display": "100", "missing_lines": 0, "excluded_lines": 0}, "missing_lines": [], "excluded_lines": []}}}, "api/test_settings.py": {"executed_lines": [1, 5, 6, 7, 10, 11, 12, 13, 16, 19, 20, 21, 22, 23, 25, 28, 46, 56, 60, 62, 64, 79, 82, 90, 91, 92, 93, 94, 96, 99, 102, 107, 108, 109, 110, 113, 114, 117, 120, 130, 152, 153, 156, 157, 160, 163, 170, 173], "summary": {"covered_lines": 47, "num_statements": 47, "percent_covered": 100.0, "percent_covered_display": "100", "missing_lines": 0, "excluded_lines": 0}, "missing_lines": [], "excluded_lines": [], "functions": {"DisableMigrations.__contains__": {"executed_lines": [92], "summary": {"covered_lines": 1, "num_statements": 1, "percent_covered": 100.0, "percent_covered_display": "100", "missing_lines": 0, "excluded_lines": 0}, "missing_lines": [], "excluded_lines": []}, "DisableMigrations.__getitem__": {"executed_lines": [94], "summary": {"covered_lines": 1, "num_statements": 1, "percent_covered": 100.0, "percent_covered_display": "100", "missing_lines": 0, "excluded_lines": 0}, "missing_lines": [], "excluded_lines": []}, "": {"executed_lines": [1, 5, 6, 7, 10, 11, 12, 13, 16, 19, 20, 21, 22, 23, 25, 28, 46, 56, 60, 62, 64, 79, 82, 90, 91, 93, 96, 99, 102, 107, 108, 109, 110, 113, 114, 117, 120, 130, 152, 153, 156, 157, 160, 163, 170, 173], "summary": {"covered_lines": 45, "num_statements": 45, "percent_covered": 100.0, "percent_covered_display": "100", "missing_lines": 0, "excluded_lines": 0}, "missing_lines": [], "excluded_lines": []}}, "classes": {"DisableMigrations": {"executed_lines": [92, 94], "summary": {"covered_lines": 2, "num_statements": 2, "percent_covered": 100.0, "percent_covered_display": "100", "missing_lines": 0, "excluded_lines": 0}, "missing_lines": [], "excluded_lines": []}, "": {"executed_lines": [1, 5, 6, 7, 10, 11, 12, 13, 16, 19, 20, 21, 22, 23, 25, 28, 46, 56, 60, 62, 64, 79, 82, 90, 91, 93, 96, 99, 102, 107, 108, 109, 110, 113, 114, 117, 120, 130, 152, 153, 156, 157, 160, 163, 170, 173], "summary": {"covered_lines": 45, "num_statements": 45, "percent_covered": 100.0, "percent_covered_display": "100", "missing_lines": 0, "excluded_lines": 0}, "missing_lines": [], "excluded_lines": []}}}, "api/urls.py": {"executed_lines": [1, 17, 20], "summary": {"covered_lines": 2, "num_statements": 2, "percent_covered": 100.0, "percent_covered_display": "100", "missing_lines": 0, "excluded_lines": 0}, "missing_lines": [], "excluded_lines": [], "functions": {"": {"executed_lines": [1, 17, 20], "summary": {"covered_lines": 2, "num_statements": 2, "percent_covered": 100.0, "percent_covered_display": "100", "missing_lines": 0, "excluded_lines": 0}, "missing_lines": [], "excluded_lines": []}}, "classes": {"": {"executed_lines": [1, 17, 20], "summary": {"covered_lines": 2, "num_statements": 2, "percent_covered": 100.0, "percent_covered_display": "100", "missing_lines": 0, "excluded_lines": 0}, "missing_lines": [], "excluded_lines": []}}}, "attendance/admin.py": {"executed_lines": [1], "summary": {"covered_lines": 1, "num_statements": 1, "percent_covered": 100.0, "percent_covered_display": "100", "missing_lines": 0, "excluded_lines": 0}, "missing_lines": [], "excluded_lines": [], "functions": {"": {"executed_lines": [1], "summary": {"covered_lines": 1, "num_statements": 1, "percent_covered": 100.0, "percent_covered_display": "100", "missing_lines": 0, "excluded_lines": 0}, "missing_lines": [], "excluded_lines": []}}, "classes": {"": {"executed_lines": [1], "summary": {"covered_lines": 1, "num_statements": 1, "percent_covered": 100.0, "percent_covered_display": "100", "missing_lines": 0, "excluded_lines": 0}, "missing_lines": [], "excluded_lines": []}}}, "attendance/apps.py": {"executed_lines": [1, 4, 5, 6], "summary": {"covered_lines": 4, "num_statements": 4, "percent_covered": 100.0, "percent_covered_display": "100", "missing_lines": 0, "excluded_lines": 0}, "missing_lines": [], "excluded_lines": [], "functions": {"": {"executed_lines": [1, 4, 5, 6], "summary": {"covered_lines": 4, "num_statements": 4, "percent_covered": 100.0, "percent_covered_display": "100", "missing_lines": 0, "excluded_lines": 0}, "missing_lines": [], "excluded_lines": []}}, "classes": {"AttendanceConfig": {"executed_lines": [], "summary": {"covered_lines": 0, "num_statements": 0, "percent_covered": 100.0, "percent_covered_display": "100", "missing_lines": 0, "excluded_lines": 0}, "missing_lines": [], "excluded_lines": []}, "": {"executed_lines": [1, 4, 5, 6], "summary": {"covered_lines": 4, "num_statements": 4, "percent_covered": 100.0, "percent_covered_display": "100", "missing_lines": 0, "excluded_lines": 0}, "missing_lines": [], "excluded_lines": []}}}, "attendance/models.py": {"executed_lines": [8, 9, 10, 12, 13, 16, 17, 18, 19, 20, 21, 22, 23, 24, 25, 27, 31, 32, 33, 34, 36, 40, 41, 42, 43, 44, 45, 46, 47, 48, 49, 50, 52, 55, 58, 61], "summary": {"covered_lines": 36, "num_statements": 42, "percent_covered": 85.71428571428571, "percent_covered_display": "86", "missing_lines": 6, "excluded_lines": 0}, "missing_lines": [28, 37, 53, 56, 59, 62], "excluded_lines": [], "functions": {"Meeting.__str__": {"executed_lines": [], "summary": {"covered_lines": 0, "num_statements": 1, "percent_covered": 0.0, "percent_covered_display": "0", "missing_lines": 1, "excluded_lines": 0}, "missing_lines": [28], "excluded_lines": []}, "AttendanceApprovalType.__str__": {"executed_lines": [], "summary": {"covered_lines": 0, "num_statements": 1, "percent_covered": 0.0, "percent_covered_display": "0", "missing_lines": 1, "excluded_lines": 0}, "missing_lines": [37], "excluded_lines": []}, "Attendance.__str__": {"executed_lines": [], "summary": {"covered_lines": 0, "num_statements": 1, "percent_covered": 0.0, "percent_covered_display": "0", "missing_lines": 1, "excluded_lines": 0}, "missing_lines": [53], "excluded_lines": []}, "Attendance.is_unapproved": {"executed_lines": [], "summary": {"covered_lines": 0, "num_statements": 1, "percent_covered": 0.0, "percent_covered_display": "0", "missing_lines": 1, "excluded_lines": 0}, "missing_lines": [56], "excluded_lines": []}, "Attendance.is_approved": {"executed_lines": [], "summary": {"covered_lines": 0, "num_statements": 1, "percent_covered": 0.0, "percent_covered_display": "0", "missing_lines": 1, "excluded_lines": 0}, "missing_lines": [59], "excluded_lines": []}, "Attendance.is_rejected": {"executed_lines": [], "summary": {"covered_lines": 0, "num_statements": 1, "percent_covered": 0.0, "percent_covered_display": "0", "missing_lines": 1, "excluded_lines": 0}, "missing_lines": [62], "excluded_lines": []}, "": {"executed_lines": [8, 9, 10, 12, 13, 16, 17, 18, 19, 20, 21, 22, 23, 24, 25, 27, 31, 32, 33, 34, 36, 40, 41, 42, 43, 44, 45, 46, 47, 48, 49, 50, 52, 55, 58, 61], "summary": {"covered_lines": 36, "num_statements": 36, "percent_covered": 100.0, "percent_covered_display": "100", "missing_lines": 0, "excluded_lines": 0}, "missing_lines": [], "excluded_lines": []}}, "classes": {"Meeting": {"executed_lines": [], "summary": {"covered_lines": 0, "num_statements": 1, "percent_covered": 0.0, "percent_covered_display": "0", "missing_lines": 1, "excluded_lines": 0}, "missing_lines": [28], "excluded_lines": []}, "AttendanceApprovalType": {"executed_lines": [], "summary": {"covered_lines": 0, "num_statements": 1, "percent_covered": 0.0, "percent_covered_display": "0", "missing_lines": 1, "excluded_lines": 0}, "missing_lines": [37], "excluded_lines": []}, "Attendance": {"executed_lines": [], "summary": {"covered_lines": 0, "num_statements": 4, "percent_covered": 0.0, "percent_covered_display": "0", "missing_lines": 4, "excluded_lines": 0}, "missing_lines": [53, 56, 59, 62], "excluded_lines": []}, "": {"executed_lines": [8, 9, 10, 12, 13, 16, 17, 18, 19, 20, 21, 22, 23, 24, 25, 27, 31, 32, 33, 34, 36, 40, 41, 42, 43, 44, 45, 46, 47, 48, 49, 50, 52, 55, 58, 61], "summary": {"covered_lines": 36, "num_statements": 36, "percent_covered": 100.0, "percent_covered_display": "100", "missing_lines": 0, "excluded_lines": 0}, "missing_lines": [], "excluded_lines": []}}}, "attendance/serializers.py": {"executed_lines": [1, 3, 6, 7, 8, 9, 10, 11, 12, 13, 16, 17, 18, 21, 22, 23, 24, 25, 26, 27, 28, 29, 32, 33, 34, 35, 38, 39, 40], "summary": {"covered_lines": 29, "num_statements": 29, "percent_covered": 100.0, "percent_covered_display": "100", "missing_lines": 0, "excluded_lines": 0}, "missing_lines": [], "excluded_lines": [], "functions": {"": {"executed_lines": [1, 3, 6, 7, 8, 9, 10, 11, 12, 13, 16, 17, 18, 21, 22, 23, 24, 25, 26, 27, 28, 29, 32, 33, 34, 35, 38, 39, 40], "summary": {"covered_lines": 29, "num_statements": 29, "percent_covered": 100.0, "percent_covered_display": "100", "missing_lines": 0, "excluded_lines": 0}, "missing_lines": [], "excluded_lines": []}}, "classes": {"MeetingSerializer": {"executed_lines": [], "summary": {"covered_lines": 0, "num_statements": 0, "percent_covered": 100.0, "percent_covered_display": "100", "missing_lines": 0, "excluded_lines": 0}, "missing_lines": [], "excluded_lines": []}, "AttendanceApprovalSerializer": {"executed_lines": [], "summary": {"covered_lines": 0, "num_statements": 0, "percent_covered": 100.0, "percent_covered_display": "100", "missing_lines": 0, "excluded_lines": 0}, "missing_lines": [], "excluded_lines": []}, "AttendanceSerializer": {"executed_lines": [], "summary": {"covered_lines": 0, "num_statements": 0, "percent_covered": 100.0, "percent_covered_display": "100", "missing_lines": 0, "excluded_lines": 0}, "missing_lines": [], "excluded_lines": []}, "AttendanceReportSerializer": {"executed_lines": [], "summary": {"covered_lines": 0, "num_statements": 0, "percent_covered": 100.0, "percent_covered_display": "100", "missing_lines": 0, "excluded_lines": 0}, "missing_lines": [], "excluded_lines": []}, "MeetingHoursSerializer": {"executed_lines": [], "summary": {"covered_lines": 0, "num_statements": 0, "percent_covered": 100.0, "percent_covered_display": "100", "missing_lines": 0, "excluded_lines": 0}, "missing_lines": [], "excluded_lines": []}, "": {"executed_lines": [1, 3, 6, 7, 8, 9, 10, 11, 12, 13, 16, 17, 18, 21, 22, 23, 24, 25, 26, 27, 28, 29, 32, 33, 34, 35, 38, 39, 40], "summary": {"covered_lines": 29, "num_statements": 29, "percent_covered": 100.0, "percent_covered_display": "100", "missing_lines": 0, "excluded_lines": 0}, "missing_lines": [], "excluded_lines": []}}}, "attendance/urls.py": {"executed_lines": [1, 3, 10], "summary": {"covered_lines": 3, "num_statements": 3, "percent_covered": 100.0, "percent_covered_display": "100", "missing_lines": 0, "excluded_lines": 0}, "missing_lines": [], "excluded_lines": [], "functions": {"": {"executed_lines": [1, 3, 10], "summary": {"covered_lines": 3, "num_statements": 3, "percent_covered": 100.0, "percent_covered_display": "100", "missing_lines": 0, "excluded_lines": 0}, "missing_lines": [], "excluded_lines": []}}, "classes": {"": {"executed_lines": [1, 3, 10], "summary": {"covered_lines": 3, "num_statements": 3, "percent_covered": 100.0, "percent_covered_display": "100", "missing_lines": 0, "excluded_lines": 0}, "missing_lines": [], "excluded_lines": []}}}, "attendance/util.py": {"executed_lines": [1, 2, 4, 6, 7, 8, 9, 12, 18, 19, 22, 24, 41, 58, 88, 106], "summary": {"covered_lines": 16, "num_statements": 87, "percent_covered": 18.39080459770115, "percent_covered_display": "18", "missing_lines": 71, "excluded_lines": 0}, "missing_lines": [13, 20, 25, 26, 27, 28, 30, 31, 32, 33, 35, 37, 38, 42, 43, 44, 45, 46, 47, 49, 50, 51, 53, 55, 59, 60, 61, 63, 65, 67, 69, 70, 71, 73, 74, 75, 77, 85, 89, 90, 91, 93, 94, 95, 97, 107, 108, 109, 111, 112, 114, 116, 117, 118, 120, 121, 125, 127, 129, 130, 132, 133, 135, 136, 137, 138, 140, 142, 143, 145, 146], "excluded_lines": [], "functions": {"get_meetings": {"executed_lines": [], "summary": {"covered_lines": 0, "num_statements": 1, "percent_covered": 0.0, "percent_covered_display": "0", "missing_lines": 1, "excluded_lines": 0}, "missing_lines": [13], "excluded_lines": []}, "save_meeting": {"executed_lines": [19, 22, 24], "summary": {"covered_lines": 3, "num_statements": 15, "percent_covered": 20.0, "percent_covered_display": "20", "missing_lines": 12, "excluded_lines": 0}, "missing_lines": [20, 25, 26, 27, 28, 30, 31, 32, 33, 35, 37, 38], "excluded_lines": []}, "get_meeting_hours": {"executed_lines": [], "summary": {"covered_lines": 0, "num_statements": 11, "percent_covered": 0.0, "percent_covered_display": "0", "missing_lines": 11, "excluded_lines": 0}, "missing_lines": [42, 43, 44, 45, 46, 47, 49, 50, 51, 53, 55], "excluded_lines": []}, "get_attendance_report": {"executed_lines": [], "summary": {"covered_lines": 0, "num_statements": 14, "percent_covered": 0.0, "percent_covered_display": "0", "missing_lines": 14, "excluded_lines": 0}, "missing_lines": [59, 60, 61, 63, 65, 67, 69, 70, 71, 73, 74, 75, 77, 85], "excluded_lines": []}, "get_attendance": {"executed_lines": [], "summary": {"covered_lines": 0, "num_statements": 7, "percent_covered": 0.0, "percent_covered_display": "0", "missing_lines": 7, "excluded_lines": 0}, "missing_lines": [89, 90, 91, 93, 94, 95, 97], "excluded_lines": []}, "save_attendance": {"executed_lines": [], "summary": {"covered_lines": 0, "num_statements": 26, "percent_covered": 0.0, "percent_covered_display": "0", "missing_lines": 26, "excluded_lines": 0}, "missing_lines": [107, 108, 109, 111, 112, 114, 116, 117, 118, 120, 121, 125, 127, 129, 130, 132, 133, 135, 136, 137, 138, 140, 142, 143, 145, 146], "excluded_lines": []}, "": {"executed_lines": [1, 2, 4, 6, 7, 8, 9, 12, 18, 41, 58, 88, 106], "summary": {"covered_lines": 13, "num_statements": 13, "percent_covered": 100.0, "percent_covered_display": "100", "missing_lines": 0, "excluded_lines": 0}, "missing_lines": [], "excluded_lines": []}}, "classes": {"": {"executed_lines": [1, 2, 4, 6, 7, 8, 9, 12, 18, 19, 22, 24, 41, 58, 88, 106], "summary": {"covered_lines": 16, "num_statements": 87, "percent_covered": 18.39080459770115, "percent_covered_display": "18", "missing_lines": 71, "excluded_lines": 0}, "missing_lines": [13, 20, 25, 26, 27, 28, 30, 31, 32, 33, 35, 37, 38, 42, 43, 44, 45, 46, 47, 49, 50, 51, 53, 55, 59, 60, 61, 63, 65, 67, 69, 70, 71, 73, 74, 75, 77, 85, 89, 90, 91, 93, 94, 95, 97, 107, 108, 109, 111, 112, 114, 116, 117, 118, 120, 121, 125, 127, 129, 130, 132, 133, 135, 136, 137, 138, 140, 142, 143, 145, 146], "excluded_lines": []}}}, "attendance/views.py": {"executed_lines": [1, 2, 3, 4, 6, 7, 8, 15, 16, 17, 20, 21, 23, 24, 25, 27, 28, 29, 30, 34, 35, 52, 84, 85, 87, 88, 89, 91, 92, 93, 94, 95, 96, 113, 145, 146, 148, 149, 150, 152, 178, 179, 181, 182, 183, 185], "summary": {"covered_lines": 42, "num_statements": 80, "percent_covered": 52.5, "percent_covered_display": "52", "missing_lines": 38, "excluded_lines": 0}, "missing_lines": [36, 37, 45, 53, 54, 55, 56, 64, 65, 66, 67, 68, 76, 97, 98, 106, 114, 115, 116, 117, 125, 126, 127, 128, 129, 137, 153, 154, 155, 159, 160, 161, 162, 170, 186, 187, 188, 190], "excluded_lines": [], "functions": {"AttendanceView.get": {"executed_lines": [28, 29, 30, 34, 35], "summary": {"covered_lines": 5, "num_statements": 8, "percent_covered": 62.5, "percent_covered_display": "62", "missing_lines": 3, "excluded_lines": 0}, "missing_lines": [36, 37, 45], "excluded_lines": []}, "AttendanceView.post": {"executed_lines": [], "summary": {"covered_lines": 0, "num_statements": 10, "percent_covered": 0.0, "percent_covered_display": "0", "missing_lines": 10, "excluded_lines": 0}, "missing_lines": [53, 54, 55, 56, 64, 65, 66, 67, 68, 76], "excluded_lines": []}, "MeetingsView.get": {"executed_lines": [92, 93, 94, 95, 96], "summary": {"covered_lines": 5, "num_statements": 8, "percent_covered": 62.5, "percent_covered_display": "62", "missing_lines": 3, "excluded_lines": 0}, "missing_lines": [97, 98, 106], "excluded_lines": []}, "MeetingsView.post": {"executed_lines": [], "summary": {"covered_lines": 0, "num_statements": 10, "percent_covered": 0.0, "percent_covered_display": "0", "missing_lines": 10, "excluded_lines": 0}, "missing_lines": [114, 115, 116, 117, 125, 126, 127, 128, 129, 137], "excluded_lines": []}, "AttendanceReportView.get": {"executed_lines": [], "summary": {"covered_lines": 0, "num_statements": 8, "percent_covered": 0.0, "percent_covered_display": "0", "missing_lines": 8, "excluded_lines": 0}, "missing_lines": [153, 154, 155, 159, 160, 161, 162, 170], "excluded_lines": []}, "MeetingHoursView.get": {"executed_lines": [], "summary": {"covered_lines": 0, "num_statements": 2, "percent_covered": 0.0, "percent_covered_display": "0", "missing_lines": 2, "excluded_lines": 0}, "missing_lines": [186, 190], "excluded_lines": []}, "MeetingHoursView.get.fun": {"executed_lines": [], "summary": {"covered_lines": 0, "num_statements": 2, "percent_covered": 0.0, "percent_covered_display": "0", "missing_lines": 2, "excluded_lines": 0}, "missing_lines": [187, 188], "excluded_lines": []}, "": {"executed_lines": [1, 2, 3, 4, 6, 7, 8, 15, 16, 17, 20, 21, 23, 24, 25, 27, 52, 84, 85, 87, 88, 89, 91, 113, 145, 146, 148, 149, 150, 152, 178, 179, 181, 182, 183, 185], "summary": {"covered_lines": 32, "num_statements": 32, "percent_covered": 100.0, "percent_covered_display": "100", "missing_lines": 0, "excluded_lines": 0}, "missing_lines": [], "excluded_lines": []}}, "classes": {"AttendanceView": {"executed_lines": [28, 29, 30, 34, 35], "summary": {"covered_lines": 5, "num_statements": 18, "percent_covered": 27.77777777777778, "percent_covered_display": "28", "missing_lines": 13, "excluded_lines": 0}, "missing_lines": [36, 37, 45, 53, 54, 55, 56, 64, 65, 66, 67, 68, 76], "excluded_lines": []}, "MeetingsView": {"executed_lines": [92, 93, 94, 95, 96], "summary": {"covered_lines": 5, "num_statements": 18, "percent_covered": 27.77777777777778, "percent_covered_display": "28", "missing_lines": 13, "excluded_lines": 0}, "missing_lines": [97, 98, 106, 114, 115, 116, 117, 125, 126, 127, 128, 129, 137], "excluded_lines": []}, "AttendanceReportView": {"executed_lines": [], "summary": {"covered_lines": 0, "num_statements": 8, "percent_covered": 0.0, "percent_covered_display": "0", "missing_lines": 8, "excluded_lines": 0}, "missing_lines": [153, 154, 155, 159, 160, 161, 162, 170], "excluded_lines": []}, "MeetingHoursView": {"executed_lines": [], "summary": {"covered_lines": 0, "num_statements": 4, "percent_covered": 0.0, "percent_covered_display": "0", "missing_lines": 4, "excluded_lines": 0}, "missing_lines": [186, 187, 188, 190], "excluded_lines": []}, "": {"executed_lines": [1, 2, 3, 4, 6, 7, 8, 15, 16, 17, 20, 21, 23, 24, 25, 27, 52, 84, 85, 87, 88, 89, 91, 113, 145, 146, 148, 149, 150, 152, 178, 179, 181, 182, 183, 185], "summary": {"covered_lines": 32, "num_statements": 32, "percent_covered": 100.0, "percent_covered_display": "100", "missing_lines": 0, "excluded_lines": 0}, "missing_lines": [], "excluded_lines": []}}}, "form/admin.py": {"executed_lines": [1], "summary": {"covered_lines": 1, "num_statements": 1, "percent_covered": 100.0, "percent_covered_display": "100", "missing_lines": 0, "excluded_lines": 0}, "missing_lines": [], "excluded_lines": [], "functions": {"": {"executed_lines": [1], "summary": {"covered_lines": 1, "num_statements": 1, "percent_covered": 100.0, "percent_covered_display": "100", "missing_lines": 0, "excluded_lines": 0}, "missing_lines": [], "excluded_lines": []}}, "classes": {"": {"executed_lines": [1], "summary": {"covered_lines": 1, "num_statements": 1, "percent_covered": 100.0, "percent_covered_display": "100", "missing_lines": 0, "excluded_lines": 0}, "missing_lines": [], "excluded_lines": []}}}, "form/apps.py": {"executed_lines": [1, 4, 5, 6], "summary": {"covered_lines": 4, "num_statements": 4, "percent_covered": 100.0, "percent_covered_display": "100", "missing_lines": 0, "excluded_lines": 0}, "missing_lines": [], "excluded_lines": [], "functions": {"": {"executed_lines": [1, 4, 5, 6], "summary": {"covered_lines": 4, "num_statements": 4, "percent_covered": 100.0, "percent_covered_display": "100", "missing_lines": 0, "excluded_lines": 0}, "missing_lines": [], "excluded_lines": []}}, "classes": {"FormConfig": {"executed_lines": [], "summary": {"covered_lines": 0, "num_statements": 0, "percent_covered": 100.0, "percent_covered_display": "100", "missing_lines": 0, "excluded_lines": 0}, "missing_lines": [], "excluded_lines": []}, "": {"executed_lines": [1, 4, 5, 6], "summary": {"covered_lines": 4, "num_statements": 4, "percent_covered": 100.0, "percent_covered_display": "100", "missing_lines": 0, "excluded_lines": 0}, "missing_lines": [], "excluded_lines": []}}}, "form/models.py": {"executed_lines": [9, 10, 11, 12, 15, 16, 17, 18, 19, 21, 25, 26, 27, 29, 33, 34, 35, 36, 37, 39, 43, 44, 45, 46, 47, 48, 49, 51, 55, 56, 57, 58, 59, 60, 61, 62, 63, 64, 65, 66, 67, 68, 69, 70, 71, 72, 73, 75, 79, 80, 81, 82, 83, 84, 86, 90, 91, 92, 93, 95, 99, 100, 101, 102, 103, 106, 109, 110, 112, 116, 117, 118, 121, 122, 123, 125, 129, 130, 131, 132, 133, 134, 135, 137, 141, 142, 143, 144, 146, 150, 151, 152, 153, 154, 155, 156, 157, 159, 163, 164, 165, 166, 169, 170, 171, 172, 173, 175, 179, 180, 181, 182, 183, 184, 185, 187, 191, 192, 193, 196, 197, 198, 199, 201, 205, 206, 207, 208, 209, 210, 211, 213, 217, 218, 219, 220, 222, 226, 227, 228, 229, 230, 231, 232, 234, 238, 239, 240, 241, 242, 243, 244, 245, 246, 247, 248, 250, 254, 255, 256, 257, 258, 259, 260, 262, 266, 267, 268, 269, 270, 271, 272, 274, 278, 279, 280, 281, 282, 283, 284, 285, 286, 288, 292, 293, 294, 295, 296, 297, 298, 299, 301], "summary": {"covered_lines": 192, "num_statements": 215, "percent_covered": 89.30232558139535, "percent_covered_display": "89", "missing_lines": 23, "excluded_lines": 0}, "missing_lines": [22, 30, 40, 52, 76, 87, 96, 113, 126, 138, 147, 160, 176, 188, 202, 214, 223, 235, 251, 263, 275, 289, 302], "excluded_lines": [], "functions": {"QuestionType.__str__": {"executed_lines": [], "summary": {"covered_lines": 0, "num_statements": 1, "percent_covered": 0.0, "percent_covered_display": "0", "missing_lines": 1, "excluded_lines": 0}, "missing_lines": [22], "excluded_lines": []}, "FormType.__str__": {"executed_lines": [], "summary": {"covered_lines": 0, "num_statements": 1, "percent_covered": 0.0, "percent_covered_display": "0", "missing_lines": 1, "excluded_lines": 0}, "missing_lines": [30], "excluded_lines": []}, "FormSubType.__str__": {"executed_lines": [], "summary": {"covered_lines": 0, "num_statements": 1, "percent_covered": 0.0, "percent_covered_display": "0", "missing_lines": 1, "excluded_lines": 0}, "missing_lines": [40], "excluded_lines": []}, "Flow.__str__": {"executed_lines": [], "summary": {"covered_lines": 0, "num_statements": 1, "percent_covered": 0.0, "percent_covered_display": "0", "missing_lines": 1, "excluded_lines": 0}, "missing_lines": [52], "excluded_lines": []}, "Question.__str__": {"executed_lines": [], "summary": {"covered_lines": 0, "num_statements": 1, "percent_covered": 0.0, "percent_covered_display": "0", "missing_lines": 1, "excluded_lines": 0}, "missing_lines": [76], "excluded_lines": []}, "QuestionOption.__str__": {"executed_lines": [], "summary": {"covered_lines": 0, "num_statements": 1, "percent_covered": 0.0, "percent_covered_display": "0", "missing_lines": 1, "excluded_lines": 0}, "missing_lines": [87], "excluded_lines": []}, "QuestionConditionType.__str__": {"executed_lines": [], "summary": {"covered_lines": 0, "num_statements": 1, "percent_covered": 0.0, "percent_covered_display": "0", "missing_lines": 1, "excluded_lines": 0}, "missing_lines": [96], "excluded_lines": []}, "QuestionCondition.__str__": {"executed_lines": [], "summary": {"covered_lines": 0, "num_statements": 1, "percent_covered": 0.0, "percent_covered_display": "0", "missing_lines": 1, "excluded_lines": 0}, "missing_lines": [113], "excluded_lines": []}, "FlowCondition.__str__": {"executed_lines": [], "summary": {"covered_lines": 0, "num_statements": 1, "percent_covered": 0.0, "percent_covered_display": "0", "missing_lines": 1, "excluded_lines": 0}, "missing_lines": [126], "excluded_lines": []}, "FlowQuestion.__str__": {"executed_lines": [], "summary": {"covered_lines": 0, "num_statements": 1, "percent_covered": 0.0, "percent_covered_display": "0", "missing_lines": 1, "excluded_lines": 0}, "missing_lines": [138], "excluded_lines": []}, "QuestionAggregateType.__str__": {"executed_lines": [], "summary": {"covered_lines": 0, "num_statements": 1, "percent_covered": 0.0, "percent_covered_display": "0", "missing_lines": 1, "excluded_lines": 0}, "missing_lines": [147], "excluded_lines": []}, "QuestionAggregate.__str__": {"executed_lines": [], "summary": {"covered_lines": 0, "num_statements": 1, "percent_covered": 0.0, "percent_covered_display": "0", "missing_lines": 1, "excluded_lines": 0}, "missing_lines": [160], "excluded_lines": []}, "QuestionAggregateQuestion.__str__": {"executed_lines": [], "summary": {"covered_lines": 0, "num_statements": 1, "percent_covered": 0.0, "percent_covered_display": "0", "missing_lines": 1, "excluded_lines": 0}, "missing_lines": [176], "excluded_lines": []}, "Response.__str__": {"executed_lines": [], "summary": {"covered_lines": 0, "num_statements": 1, "percent_covered": 0.0, "percent_covered_display": "0", "missing_lines": 1, "excluded_lines": 0}, "missing_lines": [188], "excluded_lines": []}, "Answer.__str__": {"executed_lines": [], "summary": {"covered_lines": 0, "num_statements": 1, "percent_covered": 0.0, "percent_covered_display": "0", "missing_lines": 1, "excluded_lines": 0}, "missing_lines": [202], "excluded_lines": []}, "FlowAnswer.__str__": {"executed_lines": [], "summary": {"covered_lines": 0, "num_statements": 1, "percent_covered": 0.0, "percent_covered_display": "0", "missing_lines": 1, "excluded_lines": 0}, "missing_lines": [214], "excluded_lines": []}, "GraphQuestionType.__str__": {"executed_lines": [], "summary": {"covered_lines": 0, "num_statements": 1, "percent_covered": 0.0, "percent_covered_display": "0", "missing_lines": 1, "excluded_lines": 0}, "missing_lines": [223], "excluded_lines": []}, "GraphType.__str__": {"executed_lines": [], "summary": {"covered_lines": 0, "num_statements": 1, "percent_covered": 0.0, "percent_covered_display": "0", "missing_lines": 1, "excluded_lines": 0}, "missing_lines": [235], "excluded_lines": []}, "Graph.__str__": {"executed_lines": [], "summary": {"covered_lines": 0, "num_statements": 1, "percent_covered": 0.0, "percent_covered_display": "0", "missing_lines": 1, "excluded_lines": 0}, "missing_lines": [251], "excluded_lines": []}, "GraphBin.__str__": {"executed_lines": [], "summary": {"covered_lines": 0, "num_statements": 1, "percent_covered": 0.0, "percent_covered_display": "0", "missing_lines": 1, "excluded_lines": 0}, "missing_lines": [263], "excluded_lines": []}, "GraphCategory.__str__": {"executed_lines": [], "summary": {"covered_lines": 0, "num_statements": 1, "percent_covered": 0.0, "percent_covered_display": "0", "missing_lines": 1, "excluded_lines": 0}, "missing_lines": [275], "excluded_lines": []}, "GraphCategoryAttribute.__str__": {"executed_lines": [], "summary": {"covered_lines": 0, "num_statements": 1, "percent_covered": 0.0, "percent_covered_display": "0", "missing_lines": 1, "excluded_lines": 0}, "missing_lines": [289], "excluded_lines": []}, "GraphQuestion.__str__": {"executed_lines": [], "summary": {"covered_lines": 0, "num_statements": 1, "percent_covered": 0.0, "percent_covered_display": "0", "missing_lines": 1, "excluded_lines": 0}, "missing_lines": [302], "excluded_lines": []}, "": {"executed_lines": [9, 10, 11, 12, 15, 16, 17, 18, 19, 21, 25, 26, 27, 29, 33, 34, 35, 36, 37, 39, 43, 44, 45, 46, 47, 48, 49, 51, 55, 56, 57, 58, 59, 60, 61, 62, 63, 64, 65, 66, 67, 68, 69, 70, 71, 72, 73, 75, 79, 80, 81, 82, 83, 84, 86, 90, 91, 92, 93, 95, 99, 100, 101, 102, 103, 106, 109, 110, 112, 116, 117, 118, 121, 122, 123, 125, 129, 130, 131, 132, 133, 134, 135, 137, 141, 142, 143, 144, 146, 150, 151, 152, 153, 154, 155, 156, 157, 159, 163, 164, 165, 166, 169, 170, 171, 172, 173, 175, 179, 180, 181, 182, 183, 184, 185, 187, 191, 192, 193, 196, 197, 198, 199, 201, 205, 206, 207, 208, 209, 210, 211, 213, 217, 218, 219, 220, 222, 226, 227, 228, 229, 230, 231, 232, 234, 238, 239, 240, 241, 242, 243, 244, 245, 246, 247, 248, 250, 254, 255, 256, 257, 258, 259, 260, 262, 266, 267, 268, 269, 270, 271, 272, 274, 278, 279, 280, 281, 282, 283, 284, 285, 286, 288, 292, 293, 294, 295, 296, 297, 298, 299, 301], "summary": {"covered_lines": 192, "num_statements": 192, "percent_covered": 100.0, "percent_covered_display": "100", "missing_lines": 0, "excluded_lines": 0}, "missing_lines": [], "excluded_lines": []}}, "classes": {"QuestionType": {"executed_lines": [], "summary": {"covered_lines": 0, "num_statements": 1, "percent_covered": 0.0, "percent_covered_display": "0", "missing_lines": 1, "excluded_lines": 0}, "missing_lines": [22], "excluded_lines": []}, "FormType": {"executed_lines": [], "summary": {"covered_lines": 0, "num_statements": 1, "percent_covered": 0.0, "percent_covered_display": "0", "missing_lines": 1, "excluded_lines": 0}, "missing_lines": [30], "excluded_lines": []}, "FormSubType": {"executed_lines": [], "summary": {"covered_lines": 0, "num_statements": 1, "percent_covered": 0.0, "percent_covered_display": "0", "missing_lines": 1, "excluded_lines": 0}, "missing_lines": [40], "excluded_lines": []}, "Flow": {"executed_lines": [], "summary": {"covered_lines": 0, "num_statements": 1, "percent_covered": 0.0, "percent_covered_display": "0", "missing_lines": 1, "excluded_lines": 0}, "missing_lines": [52], "excluded_lines": []}, "Question": {"executed_lines": [], "summary": {"covered_lines": 0, "num_statements": 1, "percent_covered": 0.0, "percent_covered_display": "0", "missing_lines": 1, "excluded_lines": 0}, "missing_lines": [76], "excluded_lines": []}, "QuestionOption": {"executed_lines": [], "summary": {"covered_lines": 0, "num_statements": 1, "percent_covered": 0.0, "percent_covered_display": "0", "missing_lines": 1, "excluded_lines": 0}, "missing_lines": [87], "excluded_lines": []}, "QuestionConditionType": {"executed_lines": [], "summary": {"covered_lines": 0, "num_statements": 1, "percent_covered": 0.0, "percent_covered_display": "0", "missing_lines": 1, "excluded_lines": 0}, "missing_lines": [96], "excluded_lines": []}, "QuestionCondition": {"executed_lines": [], "summary": {"covered_lines": 0, "num_statements": 1, "percent_covered": 0.0, "percent_covered_display": "0", "missing_lines": 1, "excluded_lines": 0}, "missing_lines": [113], "excluded_lines": []}, "FlowCondition": {"executed_lines": [], "summary": {"covered_lines": 0, "num_statements": 1, "percent_covered": 0.0, "percent_covered_display": "0", "missing_lines": 1, "excluded_lines": 0}, "missing_lines": [126], "excluded_lines": []}, "FlowQuestion": {"executed_lines": [], "summary": {"covered_lines": 0, "num_statements": 1, "percent_covered": 0.0, "percent_covered_display": "0", "missing_lines": 1, "excluded_lines": 0}, "missing_lines": [138], "excluded_lines": []}, "QuestionAggregateType": {"executed_lines": [], "summary": {"covered_lines": 0, "num_statements": 1, "percent_covered": 0.0, "percent_covered_display": "0", "missing_lines": 1, "excluded_lines": 0}, "missing_lines": [147], "excluded_lines": []}, "QuestionAggregate": {"executed_lines": [], "summary": {"covered_lines": 0, "num_statements": 1, "percent_covered": 0.0, "percent_covered_display": "0", "missing_lines": 1, "excluded_lines": 0}, "missing_lines": [160], "excluded_lines": []}, "QuestionAggregateQuestion": {"executed_lines": [], "summary": {"covered_lines": 0, "num_statements": 1, "percent_covered": 0.0, "percent_covered_display": "0", "missing_lines": 1, "excluded_lines": 0}, "missing_lines": [176], "excluded_lines": []}, "Response": {"executed_lines": [], "summary": {"covered_lines": 0, "num_statements": 1, "percent_covered": 0.0, "percent_covered_display": "0", "missing_lines": 1, "excluded_lines": 0}, "missing_lines": [188], "excluded_lines": []}, "Answer": {"executed_lines": [], "summary": {"covered_lines": 0, "num_statements": 1, "percent_covered": 0.0, "percent_covered_display": "0", "missing_lines": 1, "excluded_lines": 0}, "missing_lines": [202], "excluded_lines": []}, "FlowAnswer": {"executed_lines": [], "summary": {"covered_lines": 0, "num_statements": 1, "percent_covered": 0.0, "percent_covered_display": "0", "missing_lines": 1, "excluded_lines": 0}, "missing_lines": [214], "excluded_lines": []}, "GraphQuestionType": {"executed_lines": [], "summary": {"covered_lines": 0, "num_statements": 1, "percent_covered": 0.0, "percent_covered_display": "0", "missing_lines": 1, "excluded_lines": 0}, "missing_lines": [223], "excluded_lines": []}, "GraphType": {"executed_lines": [], "summary": {"covered_lines": 0, "num_statements": 1, "percent_covered": 0.0, "percent_covered_display": "0", "missing_lines": 1, "excluded_lines": 0}, "missing_lines": [235], "excluded_lines": []}, "Graph": {"executed_lines": [], "summary": {"covered_lines": 0, "num_statements": 1, "percent_covered": 0.0, "percent_covered_display": "0", "missing_lines": 1, "excluded_lines": 0}, "missing_lines": [251], "excluded_lines": []}, "GraphBin": {"executed_lines": [], "summary": {"covered_lines": 0, "num_statements": 1, "percent_covered": 0.0, "percent_covered_display": "0", "missing_lines": 1, "excluded_lines": 0}, "missing_lines": [263], "excluded_lines": []}, "GraphCategory": {"executed_lines": [], "summary": {"covered_lines": 0, "num_statements": 1, "percent_covered": 0.0, "percent_covered_display": "0", "missing_lines": 1, "excluded_lines": 0}, "missing_lines": [275], "excluded_lines": []}, "GraphCategoryAttribute": {"executed_lines": [], "summary": {"covered_lines": 0, "num_statements": 1, "percent_covered": 0.0, "percent_covered_display": "0", "missing_lines": 1, "excluded_lines": 0}, "missing_lines": [289], "excluded_lines": []}, "GraphQuestion": {"executed_lines": [], "summary": {"covered_lines": 0, "num_statements": 1, "percent_covered": 0.0, "percent_covered_display": "0", "missing_lines": 1, "excluded_lines": 0}, "missing_lines": [302], "excluded_lines": []}, "": {"executed_lines": [9, 10, 11, 12, 15, 16, 17, 18, 19, 21, 25, 26, 27, 29, 33, 34, 35, 36, 37, 39, 43, 44, 45, 46, 47, 48, 49, 51, 55, 56, 57, 58, 59, 60, 61, 62, 63, 64, 65, 66, 67, 68, 69, 70, 71, 72, 73, 75, 79, 80, 81, 82, 83, 84, 86, 90, 91, 92, 93, 95, 99, 100, 101, 102, 103, 106, 109, 110, 112, 116, 117, 118, 121, 122, 123, 125, 129, 130, 131, 132, 133, 134, 135, 137, 141, 142, 143, 144, 146, 150, 151, 152, 153, 154, 155, 156, 157, 159, 163, 164, 165, 166, 169, 170, 171, 172, 173, 175, 179, 180, 181, 182, 183, 184, 185, 187, 191, 192, 193, 196, 197, 198, 199, 201, 205, 206, 207, 208, 209, 210, 211, 213, 217, 218, 219, 220, 222, 226, 227, 228, 229, 230, 231, 232, 234, 238, 239, 240, 241, 242, 243, 244, 245, 246, 247, 248, 250, 254, 255, 256, 257, 258, 259, 260, 262, 266, 267, 268, 269, 270, 271, 272, 274, 278, 279, 280, 281, 282, 283, 284, 285, 286, 288, 292, 293, 294, 295, 296, 297, 298, 299, 301], "summary": {"covered_lines": 192, "num_statements": 192, "percent_covered": 100.0, "percent_covered_display": "100", "missing_lines": 0, "excluded_lines": 0}, "missing_lines": [], "excluded_lines": []}}}, "form/serializers.py": {"executed_lines": [1, 3, 6, 7, 8, 9, 12, 13, 14, 17, 18, 19, 20, 21, 24, 25, 26, 27, 28, 31, 32, 33, 34, 37, 38, 39, 42, 43, 44, 47, 50, 51, 52, 53, 55, 56, 57, 58, 59, 60, 61, 62, 63, 64, 65, 66, 67, 68, 69, 70, 71, 72, 73, 75, 79, 81, 83, 84, 87, 88, 89, 90, 91, 92, 95, 96, 97, 100, 101, 102, 105, 106, 107, 108, 111, 112, 113, 114, 115, 116, 117, 118, 121, 122, 123, 124, 125, 126, 127, 130, 131, 132, 133, 134, 135, 138, 139, 140, 141, 142, 143, 144, 145, 147, 148, 153, 154, 155, 156, 157, 160, 161, 162, 163, 166, 167, 168, 169, 170, 173, 174, 175, 176, 177, 178, 181, 182, 183, 186, 187, 188, 189, 190, 193, 194, 195, 198, 199, 200, 201, 202, 203, 206, 207, 208, 209, 210, 211, 214, 215, 216, 217, 218, 219, 220, 221, 224, 225, 226, 227, 228, 229, 230, 233, 234, 235, 236, 237, 238, 239, 242, 243, 244, 245, 246, 247, 248, 249, 250, 251, 252, 253, 256, 257, 258, 259, 260], "summary": {"covered_lines": 187, "num_statements": 187, "percent_covered": 100.0, "percent_covered_display": "100", "missing_lines": 0, "excluded_lines": 0}, "missing_lines": [], "excluded_lines": [], "functions": {"": {"executed_lines": [1, 3, 6, 7, 8, 9, 12, 13, 14, 17, 18, 19, 20, 21, 24, 25, 26, 27, 28, 31, 32, 33, 34, 37, 38, 39, 42, 43, 44, 47, 50, 51, 52, 53, 55, 56, 57, 58, 59, 60, 61, 62, 63, 64, 65, 66, 67, 68, 69, 70, 71, 72, 73, 75, 79, 81, 83, 84, 87, 88, 89, 90, 91, 92, 95, 96, 97, 100, 101, 102, 105, 106, 107, 108, 111, 112, 113, 114, 115, 116, 117, 118, 121, 122, 123, 124, 125, 126, 127, 130, 131, 132, 133, 134, 135, 138, 139, 140, 141, 142, 143, 144, 145, 147, 148, 153, 154, 155, 156, 157, 160, 161, 162, 163, 166, 167, 168, 169, 170, 173, 174, 175, 176, 177, 178, 181, 182, 183, 186, 187, 188, 189, 190, 193, 194, 195, 198, 199, 200, 201, 202, 203, 206, 207, 208, 209, 210, 211, 214, 215, 216, 217, 218, 219, 220, 221, 224, 225, 226, 227, 228, 229, 230, 233, 234, 235, 236, 237, 238, 239, 242, 243, 244, 245, 246, 247, 248, 249, 250, 251, 252, 253, 256, 257, 258, 259, 260], "summary": {"covered_lines": 187, "num_statements": 187, "percent_covered": 100.0, "percent_covered_display": "100", "missing_lines": 0, "excluded_lines": 0}, "missing_lines": [], "excluded_lines": []}}, "classes": {"QuestionTypeSerializer": {"executed_lines": [], "summary": {"covered_lines": 0, "num_statements": 0, "percent_covered": 100.0, "percent_covered_display": "100", "missing_lines": 0, "excluded_lines": 0}, "missing_lines": [], "excluded_lines": []}, "FormTypeSerializer": {"executed_lines": [], "summary": {"covered_lines": 0, "num_statements": 0, "percent_covered": 100.0, "percent_covered_display": "100", "missing_lines": 0, "excluded_lines": 0}, "missing_lines": [], "excluded_lines": []}, "FormSubTypeSerializer": {"executed_lines": [], "summary": {"covered_lines": 0, "num_statements": 0, "percent_covered": 100.0, "percent_covered_display": "100", "missing_lines": 0, "excluded_lines": 0}, "missing_lines": [], "excluded_lines": []}, "QuestionOptionsSerializer": {"executed_lines": [], "summary": {"covered_lines": 0, "num_statements": 0, "percent_covered": 100.0, "percent_covered_display": "100", "missing_lines": 0, "excluded_lines": 0}, "missing_lines": [], "excluded_lines": []}, "ScoutQuestionSerializer": {"executed_lines": [], "summary": {"covered_lines": 0, "num_statements": 0, "percent_covered": 100.0, "percent_covered_display": "100", "missing_lines": 0, "excluded_lines": 0}, "missing_lines": [], "excluded_lines": []}, "QuestionConditionTypeSerializer": {"executed_lines": [], "summary": {"covered_lines": 0, "num_statements": 0, "percent_covered": 100.0, "percent_covered_display": "100", "missing_lines": 0, "excluded_lines": 0}, "missing_lines": [], "excluded_lines": []}, "ConditionalOnQuestionSerializer": {"executed_lines": [], "summary": {"covered_lines": 0, "num_statements": 0, "percent_covered": 100.0, "percent_covered_display": "100", "missing_lines": 0, "excluded_lines": 0}, "missing_lines": [], "excluded_lines": []}, "QuestionSerializer": {"executed_lines": [], "summary": {"covered_lines": 0, "num_statements": 0, "percent_covered": 100.0, "percent_covered_display": "100", "missing_lines": 0, "excluded_lines": 0}, "missing_lines": [], "excluded_lines": []}, "ResponseSerializer": {"executed_lines": [], "summary": {"covered_lines": 0, "num_statements": 0, "percent_covered": 100.0, "percent_covered_display": "100", "missing_lines": 0, "excluded_lines": 0}, "missing_lines": [], "excluded_lines": []}, "QuestionAggregateTypeSerializer": {"executed_lines": [], "summary": {"covered_lines": 0, "num_statements": 0, "percent_covered": 100.0, "percent_covered_display": "100", "missing_lines": 0, "excluded_lines": 0}, "missing_lines": [], "excluded_lines": []}, "QuestionAggregateQuestionSerializer": {"executed_lines": [], "summary": {"covered_lines": 0, "num_statements": 0, "percent_covered": 100.0, "percent_covered_display": "100", "missing_lines": 0, "excluded_lines": 0}, "missing_lines": [], "excluded_lines": []}, "QuestionAggregateSerializer": {"executed_lines": [], "summary": {"covered_lines": 0, "num_statements": 0, "percent_covered": 100.0, "percent_covered_display": "100", "missing_lines": 0, "excluded_lines": 0}, "missing_lines": [], "excluded_lines": []}, "QuestionConditionSerializer": {"executed_lines": [], "summary": {"covered_lines": 0, "num_statements": 0, "percent_covered": 100.0, "percent_covered_display": "100", "missing_lines": 0, "excluded_lines": 0}, "missing_lines": [], "excluded_lines": []}, "FlowQuestionSerializer": {"executed_lines": [], "summary": {"covered_lines": 0, "num_statements": 0, "percent_covered": 100.0, "percent_covered_display": "100", "missing_lines": 0, "excluded_lines": 0}, "missing_lines": [], "excluded_lines": []}, "FlowSerializer": {"executed_lines": [], "summary": {"covered_lines": 0, "num_statements": 0, "percent_covered": 100.0, "percent_covered_display": "100", "missing_lines": 0, "excluded_lines": 0}, "missing_lines": [], "excluded_lines": []}, "FlowConditionSerializer": {"executed_lines": [], "summary": {"covered_lines": 0, "num_statements": 0, "percent_covered": 100.0, "percent_covered_display": "100", "missing_lines": 0, "excluded_lines": 0}, "missing_lines": [], "excluded_lines": []}, "FlowAnswerSerializer": {"executed_lines": [], "summary": {"covered_lines": 0, "num_statements": 0, "percent_covered": 100.0, "percent_covered_display": "100", "missing_lines": 0, "excluded_lines": 0}, "missing_lines": [], "excluded_lines": []}, "AnswerSerializer": {"executed_lines": [], "summary": {"covered_lines": 0, "num_statements": 0, "percent_covered": 100.0, "percent_covered_display": "100", "missing_lines": 0, "excluded_lines": 0}, "missing_lines": [], "excluded_lines": []}, "ScoutFieldFormResponseSerializer": {"executed_lines": [], "summary": {"covered_lines": 0, "num_statements": 0, "percent_covered": 100.0, "percent_covered_display": "100", "missing_lines": 0, "excluded_lines": 0}, "missing_lines": [], "excluded_lines": []}, "SaveResponseSerializer": {"executed_lines": [], "summary": {"covered_lines": 0, "num_statements": 0, "percent_covered": 100.0, "percent_covered_display": "100", "missing_lines": 0, "excluded_lines": 0}, "missing_lines": [], "excluded_lines": []}, "FormInitializationSerializer": {"executed_lines": [], "summary": {"covered_lines": 0, "num_statements": 0, "percent_covered": 100.0, "percent_covered_display": "100", "missing_lines": 0, "excluded_lines": 0}, "missing_lines": [], "excluded_lines": []}, "GraphQuestionTypeSerializer": {"executed_lines": [], "summary": {"covered_lines": 0, "num_statements": 0, "percent_covered": 100.0, "percent_covered_display": "100", "missing_lines": 0, "excluded_lines": 0}, "missing_lines": [], "excluded_lines": []}, "GraphTypeSerializer": {"executed_lines": [], "summary": {"covered_lines": 0, "num_statements": 0, "percent_covered": 100.0, "percent_covered_display": "100", "missing_lines": 0, "excluded_lines": 0}, "missing_lines": [], "excluded_lines": []}, "GraphBinSerializer": {"executed_lines": [], "summary": {"covered_lines": 0, "num_statements": 0, "percent_covered": 100.0, "percent_covered_display": "100", "missing_lines": 0, "excluded_lines": 0}, "missing_lines": [], "excluded_lines": []}, "GraphCategoryAttributeSerializer": {"executed_lines": [], "summary": {"covered_lines": 0, "num_statements": 0, "percent_covered": 100.0, "percent_covered_display": "100", "missing_lines": 0, "excluded_lines": 0}, "missing_lines": [], "excluded_lines": []}, "GraphCategorySerializer": {"executed_lines": [], "summary": {"covered_lines": 0, "num_statements": 0, "percent_covered": 100.0, "percent_covered_display": "100", "missing_lines": 0, "excluded_lines": 0}, "missing_lines": [], "excluded_lines": []}, "GraphQuestionSerializer": {"executed_lines": [], "summary": {"covered_lines": 0, "num_statements": 0, "percent_covered": 100.0, "percent_covered_display": "100", "missing_lines": 0, "excluded_lines": 0}, "missing_lines": [], "excluded_lines": []}, "GraphSerializer": {"executed_lines": [], "summary": {"covered_lines": 0, "num_statements": 0, "percent_covered": 100.0, "percent_covered_display": "100", "missing_lines": 0, "excluded_lines": 0}, "missing_lines": [], "excluded_lines": []}, "GraphEditorSerializer": {"executed_lines": [], "summary": {"covered_lines": 0, "num_statements": 0, "percent_covered": 100.0, "percent_covered_display": "100", "missing_lines": 0, "excluded_lines": 0}, "missing_lines": [], "excluded_lines": []}, "": {"executed_lines": [1, 3, 6, 7, 8, 9, 12, 13, 14, 17, 18, 19, 20, 21, 24, 25, 26, 27, 28, 31, 32, 33, 34, 37, 38, 39, 42, 43, 44, 47, 50, 51, 52, 53, 55, 56, 57, 58, 59, 60, 61, 62, 63, 64, 65, 66, 67, 68, 69, 70, 71, 72, 73, 75, 79, 81, 83, 84, 87, 88, 89, 90, 91, 92, 95, 96, 97, 100, 101, 102, 105, 106, 107, 108, 111, 112, 113, 114, 115, 116, 117, 118, 121, 122, 123, 124, 125, 126, 127, 130, 131, 132, 133, 134, 135, 138, 139, 140, 141, 142, 143, 144, 145, 147, 148, 153, 154, 155, 156, 157, 160, 161, 162, 163, 166, 167, 168, 169, 170, 173, 174, 175, 176, 177, 178, 181, 182, 183, 186, 187, 188, 189, 190, 193, 194, 195, 198, 199, 200, 201, 202, 203, 206, 207, 208, 209, 210, 211, 214, 215, 216, 217, 218, 219, 220, 221, 224, 225, 226, 227, 228, 229, 230, 233, 234, 235, 236, 237, 238, 239, 242, 243, 244, 245, 246, 247, 248, 249, 250, 251, 252, 253, 256, 257, 258, 259, 260], "summary": {"covered_lines": 187, "num_statements": 187, "percent_covered": 100.0, "percent_covered_display": "100", "missing_lines": 0, "excluded_lines": 0}, "missing_lines": [], "excluded_lines": []}}}, "form/tests.py": {"executed_lines": [1], "summary": {"covered_lines": 1, "num_statements": 1, "percent_covered": 100.0, "percent_covered_display": "100", "missing_lines": 0, "excluded_lines": 0}, "missing_lines": [], "excluded_lines": [], "functions": {"": {"executed_lines": [1], "summary": {"covered_lines": 1, "num_statements": 1, "percent_covered": 100.0, "percent_covered_display": "100", "missing_lines": 0, "excluded_lines": 0}, "missing_lines": [], "excluded_lines": []}}, "classes": {"": {"executed_lines": [1], "summary": {"covered_lines": 1, "num_statements": 1, "percent_covered": 100.0, "percent_covered_display": "100", "missing_lines": 0, "excluded_lines": 0}, "missing_lines": [], "excluded_lines": []}}}, "form/urls.py": {"executed_lines": [1, 3, 14], "summary": {"covered_lines": 3, "num_statements": 3, "percent_covered": 100.0, "percent_covered_display": "100", "missing_lines": 0, "excluded_lines": 0}, "missing_lines": [], "excluded_lines": [], "functions": {"": {"executed_lines": [1, 3, 14], "summary": {"covered_lines": 3, "num_statements": 3, "percent_covered": 100.0, "percent_covered_display": "100", "missing_lines": 0, "excluded_lines": 0}, "missing_lines": [], "excluded_lines": []}}, "classes": {"": {"executed_lines": [1, 3, 14], "summary": {"covered_lines": 3, "num_statements": 3, "percent_covered": 100.0, "percent_covered_display": "100", "missing_lines": 0, "excluded_lines": 0}, "missing_lines": [], "excluded_lines": []}}}, "form/util.py": {"executed_lines": [1, 2, 4, 6, 7, 8, 9, 11, 13, 14, 15, 16, 41, 44, 141, 143, 233, 350, 367, 374, 413, 425, 435, 448, 458, 483, 494, 521, 548, 552, 596, 633, 637, 659, 669, 695, 711, 759, 777, 812, 842, 878, 890, 919, 968, 972, 976, 992, 1012, 1031, 1081, 1249, 1890, 1913, 1919, 1925, 1956, 2127], "summary": {"covered_lines": 58, "num_statements": 874, "percent_covered": 6.636155606407323, "percent_covered_display": "7", "missing_lines": 816, "excluded_lines": 0}, "missing_lines": [53, 54, 55, 56, 57, 58, 59, 60, 61, 63, 64, 66, 67, 68, 71, 73, 74, 76, 77, 78, 79, 81, 82, 84, 85, 90, 91, 102, 103, 105, 135, 136, 138, 150, 151, 153, 158, 159, 160, 161, 164, 165, 166, 176, 177, 180, 181, 184, 185, 188, 189, 191, 195, 234, 235, 236, 238, 239, 241, 242, 243, 244, 245, 246, 247, 248, 250, 261, 266, 267, 268, 269, 270, 271, 272, 273, 275, 276, 278, 280, 281, 282, 284, 286, 287, 289, 291, 293, 294, 295, 303, 307, 308, 316, 320, 321, 325, 326, 328, 332, 334, 335, 336, 337, 338, 340, 347, 351, 352, 354, 356, 364, 368, 371, 375, 376, 377, 384, 385, 388, 389, 395, 396, 397, 398, 405, 407, 408, 410, 414, 421, 422, 426, 427, 429, 430, 432, 436, 437, 439, 441, 442, 443, 445, 449, 451, 452, 453, 455, 459, 460, 46
[...]
617, 619, 628, 678, 679, 681, 693, 731, 732, 736, 737, 738, 740, 755, 756, 760, 761, 762, 764, 774, 789, 790, 794, 795, 796, 798, 816, 848, 871, 872, 876, 877, 878, 880, 898, 930, 955, 956, 960, 961, 962, 964, 981, 982, 986, 987, 988, 990, 1013, 1014, 1018, 1019, 1020, 1022, 1040, 1041, 1043, 1044, 1045, 1047, 1080, 1081, 1085, 1086, 1087, 1089, 1111, 1112, 1116, 1117, 1118, 1120, 1134, 1166, 1190, 1191, 1192, 1193, 1194], "summary": {"covered_lines": 155, "num_statements": 463, "percent_covered": 33.47732181425486, "percent_covered_display": "33", "missing_lines": 308, "excluded_lines": 0}, "missing_lines": [69, 70, 71, 72, 80, 92, 93, 94, 95, 111, 119, 148, 149, 152, 163, 164, 165, 167, 170, 174, 176, 177, 178, 185, 186, 188, 197, 198, 199, 201, 203, 205, 215, 229, 233, 235, 236, 237, 238, 239, 240, 247, 248, 249, 250, 252, 253, 266, 278, 279, 284, 285, 292, 293, 294, 300, 314, 321, 322, 323, 324, 331, 345, 352, 353, 358, 372, 376, 378, 380, 381, 384, 385, 387, 388, 389, 390, 391, 392, 398, 406, 407, 408, 409, 410, 412, 413, 455, 456, 457, 458, 459, 471, 472, 473, 475, 476, 477, 478, 482, 488, 491, 492, 499, 506, 507, 508, 509, 510, 518, 519, 521, 523, 533, 547, 551, 560, 561, 562, 563, 564, 572, 573, 574, 575, 576, 577, 578, 580, 589, 603, 606, 607, 611, 620, 621, 622, 623, 624, 629, 631, 632, 633, 635, 637, 638, 639, 646, 647, 648, 649, 650, 657, 658, 659, 661, 667, 668, 669, 670, 682, 683, 684, 685, 686, 694, 695, 696, 697, 699, 701, 715, 718, 719, 726, 741, 742, 743, 744, 745, 746, 765, 767, 772, 775, 776, 777, 778, 779, 780, 799, 800, 801, 802, 804, 805, 806, 807, 808, 817, 818, 819, 827, 828, 829, 830, 831, 832, 833, 841, 849, 850, 851, 852, 853, 854, 855, 863, 881, 882, 883, 884, 886, 887, 888, 889, 890, 899, 900, 901, 909, 910, 911, 912, 913, 914, 915, 923, 931, 932, 933, 934, 937, 938, 939, 947, 965, 966, 969, 970, 971, 972, 991, 992, 993, 994, 1002, 1003, 1004, 1023, 1024, 1028, 1029, 1030, 1031, 1048, 1049, 1050, 1058, 1059, 1060, 1061, 1062, 1063, 1064, 1072, 1090, 1091, 1092, 1093, 1094, 1095, 1103, 1121, 1122, 1123, 1124, 1125, 1126, 1135, 1136, 1137, 1145, 1146, 1147, 1148, 1149, 1150, 1151, 1159, 1167, 1168, 1169, 1170, 1171, 1172, 1173, 1181], "excluded_lines": [], "functions": {"TokenObtainPairView.post": {"executed_lines": [], "summary": {"covered_lines": 0, "num_statements": 9, "percent_covered": 0.0, "percent_covered_display": "0", "missing_lines": 9, "excluded_lines": 0}, "missing_lines": [69, 70, 71, 72, 80, 92, 93, 94, 95], "excluded_lines": []}, "TokenRefreshView.post": {"executed_lines": [108, 109, 110, 120, 121], "summary": {"covered_lines": 5, "num_statements": 7, "percent_covered": 71.42857142857143, "percent_covered_display": "71", "missing_lines": 2, "excluded_lines": 0}, "missing_lines": [111, 119], "excluded_lines": []}, "UserLogIn.authenticate": {"executed_lines": [142, 143, 144, 145, 150, 151], "summary": {"covered_lines": 6, "num_statements": 9, "percent_covered": 66.66666666666667, "percent_covered_display": "67", "missing_lines": 3, "excluded_lines": 0}, "missing_lines": [148, 149, 152], "excluded_lines": []}, "UserProfile.post": {"executed_lines": [], "summary": {"covered_lines": 0, "num_statements": 33, "percent_covered": 0.0, "percent_covered_display": "0", "missing_lines": 33, "excluded_lines": 0}, "missing_lines": [163, 164, 165, 167, 170, 174, 176, 177, 178, 185, 186, 188, 197, 198, 199, 201, 203, 205, 215, 229, 233, 235, 236, 237, 238, 239, 240, 247, 248, 249, 250, 252, 253], "excluded_lines": []}, "UserProfile.put": {"executed_lines": [262, 263, 264, 265, 272, 275, 276, 277, 317, 375, 377, 379, 386, 395, 396], "summary": {"covered_lines": 15, "num_statements": 55, "percent_covered": 27.272727272727273, "percent_covered_display": "27", "missing_lines": 40, "excluded_lines": 0}, "missing_lines": [266, 278, 279, 284, 285, 292, 293, 294, 300, 314, 321, 322, 323, 324, 331, 345, 352, 353, 358, 372, 376, 378, 380, 381, 384, 385, 387, 388, 389, 390, 391, 392, 398, 406, 407, 408, 409, 410, 412, 413], "excluded_lines": []}, "UserEmailConfirmation.get": {"executed_lines": [], "summary": {"covered_lines": 0, "num_statements": 5, "percent_covered": 0.0, "percent_covered_display": "0", "missing_lines": 5, "excluded_lines": 0}, "missing_lines": [455, 456, 457, 458, 459], "excluded_lines": []}, "UserEmailConfirmation.confirm_email": {"executed_lines": [], "summary": {"covered_lines": 0, "num_statements": 12, "percent_covered": 0.0, "percent_covered_display": "0", "missing_lines": 12, "excluded_lines": 0}, "missing_lines": [471, 472, 473, 475, 476, 477, 478, 482, 488, 491, 492, 499], "excluded_lines": []}, "UserEmailResendConfirmation.post": {"executed_lines": [], "summary": {"covered_lines": 0, "num_statements": 5, "percent_covered": 0.0, "percent_covered_display": "0", "missing_lines": 5, "excluded_lines": 0}, "missing_lines": [506, 507, 508, 509, 510], "excluded_lines": []}, "UserEmailResendConfirmation.resend_confirmation_email": {"executed_lines": [], "summary": {"covered_lines": 0, "num_statements": 7, "percent_covered": 0.0, "percent_covered_display": "0", "missing_lines": 7, "excluded_lines": 0}, "missing_lines": [518, 519, 521, 523, 533, 547, 551], "excluded_lines": []}, "UserRequestPasswordReset.post": {"executed_lines": [], "summary": {"covered_lines": 0, "num_statements": 5, "percent_covered": 0.0, "percent_covered_display": "0", "missing_lines": 5, "excluded_lines": 0}, "missing_lines": [560, 561, 562, 563, 564], "excluded_lines": []}, "UserRequestPasswordReset.request_reset_password": {"executed_lines": [], "summary": {"covered_lines": 0, "num_statements": 13, "percent_covered": 0.0, "percent_covered_display": "0", "missing_lines": 13, "excluded_lines": 0}, "missing_lines": [572, 573, 574, 575, 576, 577, 578, 580, 589, 603, 606, 607, 611], "excluded_lines": []}, "UserPasswordReset.post": {"executed_lines": [], "summary": {"covered_lines": 0, "num_statements": 5, "percent_covered": 0.0, "percent_covered_display": "0", "missing_lines": 5, "excluded_lines": 0}, "missing_lines": [620, 621, 622, 623, 624], "excluded_lines": []}, "UserPasswordReset.reset_password": {"executed_lines": [], "summary": {"covered_lines": 0, "num_statements": 21, "percent_covered": 0.0, "percent_covered_display": "0", "missing_lines": 21, "excluded_lines": 0}, "missing_lines": [629, 631, 632, 633, 635, 637, 638, 639, 646, 647, 648, 649, 650, 657, 658, 659, 661, 667, 668, 669, 670], "excluded_lines": []}, "UserRequestUsername.post": {"executed_lines": [], "summary": {"covered_lines": 0, "num_statements": 5, "percent_covered": 0.0, "percent_covered_display": "0", "missing_lines": 5, "excluded_lines": 0}, "missing_lines": [682, 683, 684, 685, 686], "excluded_lines": []}, "UserRequestUsername.forgot_username": {"executed_lines": [], "summary": {"covered_lines": 0, "num_statements": 10, "percent_covered": 0.0, "percent_covered_display": "0", "missing_lines": 10, "excluded_lines": 0}, "missing_lines": [694, 695, 696, 697, 699, 701, 715, 718, 719, 726], "excluded_lines": []}, "UserData.get": {"executed_lines": [], "summary": {"covered_lines": 0, "num_statements": 6, "percent_covered": 0.0, "percent_covered_display": "0", "missing_lines": 6, "excluded_lines": 0}, "missing_lines": [741, 742, 743, 744, 745, 746], "excluded_lines": []}, "UserLinksView.get_Link": {"executed_lines": [], "summary": {"covered_lines": 0, "num_statements": 3, "percent_covered": 0.0, "percent_covered_display": "0", "missing_lines": 3, "excluded_lines": 0}, "missing_lines": [765, 767, 772], "excluded_lines": []}, "UserLinksView.get": {"executed_lines": [], "summary": {"covered_lines": 0, "num_statements": 6, "percent_covered": 0.0, "percent_covered_display": "0", "missing_lines": 6, "excluded_lines": 0}, "missing_lines": [775, 776, 777, 778, 779, 780], "excluded_lines": []}, "Groups.get": {"executed_lines": [], "summary": {"covered_lines": 0, "num_statements": 9, "percent_covered": 0.0, "percent_covered_display": "0", "missing_lines": 9, "excluded_lines": 0}, "missing_lines": [799, 800, 801, 802, 804, 805, 806, 807, 808], "excluded_lines": []}, "Groups.post": {"executed_lines": [], "summary": {"covered_lines": 0, "num_statements": 11, "percent_covered": 0.0, "percent_covered_display": "0", "missing_lines": 11, "excluded_lines": 0}, "missing_lines": [817, 818, 819, 827, 828, 829, 830, 831, 832, 833, 841], "excluded_lines": []}, "Groups.delete": {"executed_lines": [], "summary": {"covered_lines": 0, "num_statements": 8, "percent_covered": 0.0, "percent_covered_display": "0", "missing_lines": 8, "excluded_lines": 0}, "missing_lines": [849, 850, 851, 852, 853, 854, 855, 863], "excluded_lines": []}, "Permissions.get": {"executed_lines": [], "summary": {"covered_lines": 0, "num_statements": 9, "percent_covered": 0.0, "percent_covered_display": "0", "missing_lines": 9, "excluded_lines": 0}, "missing_lines": [881, 882, 883, 884, 886, 887, 888, 889, 890], "excluded_lines": []}, "Permissions.post": {"executed_lines": [], "summary": {"covered_lines": 0, "num_statements": 11, "percent_covered": 0.0, "percent_covered_display": "0", "missing_lines": 11, "excluded_lines": 0}, "missing_lines": [899, 900, 901, 909, 910, 911, 912, 913, 914, 915, 923], "excluded_lines": []}, "Permissions.delete": {"executed_lines": [], "summary": {"covered_lines": 0, "num_statements": 8, "percent_covered": 0.0, "percent_covered_display": "0", "missing_lines": 8, "excluded_lines": 0}, "missing_lines": [931, 932, 933, 934, 937, 938, 939, 947], "excluded_lines": []}, "AlertsView.get": {"executed_lines": [], "summary": {"covered_lines": 0, "num_statements": 6, "percent_covered": 0.0, "percent_covered_display": "0", "missing_lines": 6, "excluded_lines": 0}, "missing_lines": [965, 966, 969, 970, 971, 972], "excluded_lines": []}, "SaveWebPushInfoView.post": {"executed_lines": [], "summary": {"covered_lines": 0, "num_statements": 7, "percent_covered": 0.0, "percent_covered_display": "0", "missing_lines": 7, "excluded_lines": 0}, "missing_lines": [991, 992, 993, 994, 1002, 1003, 1004], "excluded_lines": []}, "UsersView.get": {"executed_lines": [], "summary": {"covered_lines": 0, "num_statements": 6, "percent_covered": 0.0, "percent_covered_display": "0", "missing_lines": 6, "excluded_lines": 0}, "missing_lines": [1023, 1024, 1028, 1029, 1030, 1031], "excluded_lines": []}, "SaveUserView.post": {"executed_lines": [], "summary": {"covered_lines": 0, "num_statements": 11, "percent_covered": 0.0, "percent_covered_display": "0", "missing_lines": 11, "excluded_lines": 0}, "missing_lines": [1048, 1049, 1050, 1058, 1059, 1060, 1061, 1062, 1063, 1064, 1072], "excluded_lines": []}, "SecurityAuditView.get": {"executed_lines": [], "summary": {"covered_lines": 0, "num_statements": 7, "percent_covered": 0.0, "percent_covered_display": "0", "missing_lines": 7, "excluded_lines": 0}, "missing_lines": [1090, 1091, 1092, 1093, 1094, 1095, 1103], "excluded_lines": []}, "Links.get": {"executed_lines": [], "summary": {"covered_lines": 0, "num_statements": 6, "percent_covered": 0.0, "percent_covered_display": "0", "missing_lines": 6, "excluded_lines": 0}, "missing_lines": [1121, 1122, 1123, 1124, 1125, 1126], "excluded_lines": []}, "Links.post": {"executed_lines": [], "summary": {"covered_lines": 0, "num_statements": 11, "percent_covered": 0.0, "percent_covered_display": "0", "missing_lines": 11, "excluded_lines": 0}, "missing_lines": [1135, 1136, 1137, 1145, 1146, 1147, 1148, 1149, 1150, 1151, 1159], "excluded_lines": []}, "Links.delete": {"executed_lines": [], "summary": {"covered_lines": 0, "num_statements": 8, "percent_covered": 0.0, "percent_covered_display": "0", "missing_lines": 8, "excluded_lines": 0}, "missing_lines": [1167, 1168, 1169, 1170, 1171, 1172, 1173, 1181], "excluded_lines": []}, "": {"executed_lines": [1, 2, 4, 5, 6, 7, 8, 9, 11, 12, 13, 14, 15, 16, 17, 18, 22, 23, 24, 34, 35, 41, 43, 44, 45, 46, 47, 48, 49, 53, 54, 55, 57, 58, 61, 62, 66, 68, 100, 101, 105, 107, 140, 141, 155, 156, 160, 162, 261, 421, 451, 452, 454, 466, 502, 503, 505, 517, 556, 557, 559, 571, 616, 617, 619, 628, 678, 679, 681, 693, 731, 732, 736, 737, 738, 740, 755, 756, 760, 761, 762, 764, 774, 789, 790, 794, 795, 796, 798, 816, 848, 871, 872, 876, 877, 878, 880, 898, 930, 955, 956, 960, 961, 962, 964, 981, 982, 986, 987, 988, 990, 1013, 1014, 1018, 1019, 1020, 1022, 1040, 1041, 1043, 1044, 1045, 1047, 1080, 1081, 1085, 1086, 1087, 1089, 1111, 1112, 1116, 1117, 1118, 1120, 1134, 1166, 1190, 1191, 1192, 1193, 1194], "summary": {"covered_lines": 129, "num_statements": 129, "percent_covered": 100.0, "percent_covered_display": "100", "missing_lines": 0, "excluded_lines": 0}, "missing_lines": [], "excluded_lines": []}}, "classes": {"TokenObtainPairView": {"executed_lines": [], "summary": {"covered_lines": 0, "num_statements": 9, "percent_covered": 0.0, "percent_covered_display": "0", "missing_lines": 9, "excluded_lines": 0}, "missing_lines": [69, 70, 71, 72, 80, 92, 93, 94, 95], "excluded_lines": []}, "TokenRefreshView": {"executed_lines": [108, 109, 110, 120, 121], "summary": {"covered_lines": 5, "num_statements": 7, "percent_covered": 71.42857142857143, "percent_covered_display": "71", "missing_lines": 2, "excluded_lines": 0}, "missing_lines": [111, 119], "excluded_lines": []}, "UserLogIn": {"executed_lines": [142, 143, 144, 145, 150, 151], "summary": {"covered_lines": 6, "num_statements": 9, "percent_covered": 66.66666666666667, "percent_covered_display": "67", "missing_lines": 3, "excluded_lines": 0}, "missing_lines": [148, 149, 152], "excluded_lines": []}, "UserProfile": {"executed_lines": [262, 263, 264, 265, 272, 275, 276, 277, 317, 375, 377, 379, 386, 395, 396], "summary": {"covered_lines": 15, "num_statements": 88, "percent_covered": 17.045454545454547, "percent_covered_display": "17", "missing_lines": 73, "excluded_lines": 0}, "missing_lines": [163, 164, 165, 167, 170, 174, 176, 177, 178, 185, 186, 188, 197, 198, 199, 201, 203, 205, 215, 229, 233, 235, 236, 237, 238, 239, 240, 247, 248, 249, 250, 252, 253, 266, 278, 279, 284, 285, 292, 293, 294, 300, 314, 321, 322, 323, 324, 331, 345, 352, 353, 358, 372, 376, 378, 380, 381, 384, 385, 387, 388, 389, 390, 391, 392, 398, 406, 407, 408, 409, 410, 412, 413], "excluded_lines": []}, "UserEmailConfirmation": {"executed_lines": [], "summary": {"covered_lines": 0, "num_statements": 17, "percent_covered": 0.0, "percent_covered_display": "0", "missing_lines": 17, "excluded_lines": 0}, "missing_lines": [455, 456, 457, 458, 459, 471, 472, 473, 475, 476, 477, 478, 482, 488, 491, 492, 499], "excluded_lines": []}, "UserEmailResendConfirmation": {"executed_lines": [], "summary": {"covered_lines": 0, "num_statements": 12, "percent_covered": 0.0, "percent_covered_display": "0", "missing_lines": 12, "excluded_lines": 0}, "missing_lines": [506, 507, 508, 509, 510, 518, 519, 521, 523, 533, 547, 551], "excluded_lines": []}, "UserRequestPasswordReset": {"executed_lines": [], "summary": {"covered_lines": 0, "num_statements": 18, "percent_covered": 0.0, "percent_covered_display": "0", "missing_lines": 18, "excluded_lines": 0}, "missing_lines": [560, 561, 562, 563, 564, 572, 573, 574, 575, 576, 577, 578, 580, 589, 603, 606, 607, 611], "excluded_lines": []}, "UserPasswordReset": {"executed_lines": [], "summary": {"covered_lines": 0, "num_statements": 26, "percent_covered": 0.0, "percent_covered_display": "0", "missing_lines": 26, "excluded_lines": 0}, "missing_lines": [620, 621, 622, 623, 624, 629, 631, 632, 633, 635, 637, 638, 639, 646, 647, 648, 649, 650, 657, 658, 659, 661, 667, 668, 669, 670], "excluded_lines": []}, "UserRequestUsername": {"executed_lines": [], "summary": {"covered_lines": 0, "num_statements": 15, "percent_covered": 0.0, "percent_covered_display": "0", "missing_lines": 15, "excluded_lines": 0}, "missing_lines": [682, 683, 684, 685, 686, 694, 695, 696, 697, 699, 701, 715, 718, 719, 726], "excluded_lines": []}, "UserData": {"executed_lines": [], "summary": {"covered_lines": 0, "num_statements": 6, "percent_covered": 0.0, "percent_covered_display": "0", "missing_lines": 6, "excluded_lines": 0}, "missing_lines": [741, 742, 743, 744, 745, 746], "excluded_lines": []}, "UserLinksView": {"executed_lines": [], "summary": {"covered_lines": 0, "num_statements": 9, "percent_covered": 0.0, "percent_covered_display": "0", "missing_lines": 9, "excluded_lines": 0}, "missing_lines": [765, 767, 772, 775, 776, 777, 778, 779, 780], "excluded_lines": []}, "Groups": {"executed_lines": [], "summary": {"covered_lines": 0, "num_statements": 28, "percent_covered": 0.0, "percent_covered_display": "0", "missing_lines": 28, "excluded_lines": 0}, "missing_lines": [799, 800, 801, 802, 804, 805, 806, 807, 808, 817, 818, 819, 827, 828, 829, 830, 831, 832, 833, 841, 849, 850, 851, 852, 853, 854, 855, 863], "excluded_lines": []}, "Permissions": {"executed_lines": [], "summary": {"covered_lines": 0, "num_statements": 28, "percent_covered": 0.0, "percent_covered_display": "0", "missing_lines": 28, "excluded_lines": 0}, "missing_lines": [881, 882, 883, 884, 886, 887, 888, 889, 890, 899, 900, 901, 909, 910, 911, 912, 913, 914, 915, 923, 931, 932, 933, 934, 937, 938, 939, 947], "excluded_lines": []}, "AlertsView": {"executed_lines": [], "summary": {"covered_lines": 0, "num_statements": 6, "percent_covered": 0.0, "percent_covered_display": "0", "missing_lines": 6, "excluded_lines": 0}, "missing_lines": [965, 966, 969, 970, 971, 972], "excluded_lines": []}, "SaveWebPushInfoView": {"executed_lines": [], "summary": {"covered_lines": 0, "num_statements": 7, "percent_covered": 0.0, "percent_covered_display": "0", "missing_lines": 7, "excluded_lines": 0}, "missing_lines": [991, 992, 993, 994, 1002, 1003, 1004], "excluded_lines": []}, "UsersView": {"executed_lines": [], "summary": {"covered_lines": 0, "num_statements": 6, "percent_covered": 0.0, "percent_covered_display": "0", "missing_lines": 6, "excluded_lines": 0}, "missing_lines": [1023, 1024, 1028, 1029, 1030, 1031], "excluded_lines": []}, "SaveUserView": {"executed_lines": [], "summary": {"covered_lines": 0, "num_statements": 11, "percent_covered": 0.0, "percent_covered_display": "0", "missing_lines": 11, "excluded_lines": 0}, "missing_lines": [1048, 1049, 1050, 1058, 1059, 1060, 1061, 1062, 1063, 1064, 1072], "excluded_lines": []}, "SecurityAuditView": {"executed_lines": [], "summary": {"covered_lines": 0, "num_statements": 7, "percent_covered": 0.0, "percent_covered_display": "0", "missing_lines": 7, "excluded_lines": 0}, "missing_lines": [1090, 1091, 1092, 1093, 1094, 1095, 1103], "excluded_lines": []}, "Links": {"executed_lines": [], "summary": {"covered_lines": 0, "num_statements": 25, "percent_covered": 0.0, "percent_covered_display": "0", "missing_lines": 25, "excluded_lines": 0}, "missing_lines": [1121, 1122, 1123, 1124, 1125, 1126, 1135, 1136, 1137, 1145, 1146, 1147, 1148, 1149, 1150, 1151, 1159, 1167, 1168, 1169, 1170, 1171, 1172, 1173, 1181], "excluded_lines": []}, "": {"executed_lines": [1, 2, 4, 5, 6, 7, 8, 9, 11, 12, 13, 14, 15, 16, 17, 18, 22, 23, 24, 34, 35, 41, 43, 44, 45, 46, 47, 48, 49, 53, 54, 55, 57, 58, 61, 62, 66, 68, 100, 101, 105, 107, 140, 141, 155, 156, 160, 162, 261, 421, 451, 452, 454, 466, 502, 503, 505, 517, 556, 557, 559, 571, 616, 617, 619, 628, 678, 679, 681, 693, 731, 732, 736, 737, 738, 740, 755, 756, 760, 761, 762, 764, 774, 789, 790, 794, 795, 796, 798, 816, 848, 871, 872, 876, 877, 878, 880, 898, 930, 955, 956, 960, 961, 962, 964, 981, 982, 986, 987, 988, 990, 1013, 1014, 1018, 1019, 1020, 1022, 1040, 1041, 1043, 1044, 1045, 1047, 1080, 1081, 1085, 1086, 1087, 1089, 1111, 1112, 1116, 1117, 1118, 1120, 1134, 1166, 1190, 1191, 1192, 1193, 1194], "summary": {"covered_lines": 129, "num_statements": 129, "percent_covered": 100.0, "percent_covered_display": "100", "missing_lines": 0, "excluded_lines": 0}, "missing_lines": [], "excluded_lines": []}}}}, "totals": {"covered_lines": 3754, "num_statements": 7168, "percent_covered": 52.371651785714285, "percent_covered_display": "52", "missing_lines": 3414, "excluded_lines": 0}}